RUN	portfolio.GetPortfoliosSimulation	getportfoliossimulation	1552208566882	 	3.0.3
USER	Get portfolios	1	START	1552208567404	1552208567404
USER	Get portfolios	2	START	1552208567431	1552208567431
USER	Get portfolios	3	START	1552208567434	1552208567434
USER	Get portfolios	4	START	1552208567453	1552208567453
USER	Get portfolios	5	START	1552208567472	1552208567472
USER	Get portfolios	6	START	1552208567473	1552208567473
USER	Get portfolios	7	START	1552208567485	1552208567485
USER	Get portfolios	8	START	1552208567492	1552208567492
USER	Get portfolios	9	START	1552208567494	1552208567494
USER	Get portfolios	10	START	1552208567502	1552208567502
USER	Get portfolios	11	START	1552208567503	1552208567503
USER	Get portfolios	12	START	1552208567504	1552208567504
REQUEST	8		Get all portfolios	1552208567493	1552208567511	OK	 
USER	Get portfolios	13	START	1552208567504	1552208567504
USER	Get portfolios	14	START	1552208567514	1552208567514
USER	Get portfolios	15	START	1552208567514	1552208567514
USER	Get portfolios	16	START	1552208567515	1552208567515
USER	Get portfolios	17	START	1552208567515	1552208567515
REQUEST	3		Get all portfolios	1552208567434	1552208567473	OK	 
REQUEST	4		Get all portfolios	1552208567454	1552208567486	OK	 
REQUEST	1		Get all portfolios	1552208567428	1552208567456	OK	 
REQUEST	7		Get all portfolios	1552208567486	1552208567532	OK	 
REQUEST	2		Get all portfolios	1552208567432	1552208567520	OK	 
REQUEST	16		Get all portfolios	1552208567515	1552208567536	OK	 
USER	Get portfolios	18	START	1552208567516	1552208567516
USER	Get portfolios	19	START	1552208567543	1552208567543
USER	Get portfolios	20	START	1552208567549	1552208567549
USER	Get portfolios	21	START	1552208567553	1552208567553
USER	Get portfolios	22	START	1552208567555	1552208567555
USER	Get portfolios	23	START	1552208567556	1552208567556
USER	Get portfolios	24	START	1552208567557	1552208567557
USER	Get portfolios	25	START	1552208567558	1552208567558
USER	Get portfolios	26	START	1552208567567	1552208567567
USER	Get portfolios	27	START	1552208567568	1552208567568
USER	Get portfolios	28	START	1552208567571	1552208567571
USER	Get portfolios	29	START	1552208567572	1552208567572
USER	Get portfolios	30	START	1552208567573	1552208567573
USER	Get portfolios	31	START	1552208567574	1552208567574
USER	Get portfolios	32	START	1552208567576	1552208567576
USER	Get portfolios	33	START	1552208567578	1552208567578
USER	Get portfolios	34	START	1552208567580	1552208567580
USER	Get portfolios	35	START	1552208567580	1552208567580
USER	Get portfolios	36	START	1552208567582	1552208567582
USER	Get portfolios	37	START	1552208567583	1552208567583
REQUEST	9		Get all portfolios	1552208567502	1552208567588	OK	 
REQUEST	11		Get all portfolios	1552208567503	1552208567591	OK	 
USER	Get portfolios	38	START	1552208567594	1552208567594
USER	Get portfolios	39	START	1552208567595	1552208567595
USER	Get portfolios	40	START	1552208567596	1552208567596
USER	Get portfolios	41	START	1552208567598	1552208567598
USER	Get portfolios	42	START	1552208567598	1552208567598
USER	Get portfolios	43	START	1552208567602	1552208567602
USER	Get portfolios	44	START	1552208567602	1552208567602
USER	Get portfolios	45	START	1552208567603	1552208567603
USER	Get portfolios	46	START	1552208567604	1552208567604
USER	Get portfolios	47	START	1552208567606	1552208567606
REQUEST	13		Get all portfolios	1552208567514	1552208567595	OK	 
REQUEST	19		Get all portfolios	1552208567548	1552208567613	OK	 
USER	Get portfolios	48	START	1552208567608	1552208567608
USER	Get portfolios	49	START	1552208567614	1552208567614
USER	Get portfolios	50	START	1552208567617	1552208567617
USER	Get portfolios	51	START	1552208567619	1552208567619
USER	Get portfolios	52	START	1552208567622	1552208567622
USER	Get portfolios	53	START	1552208567627	1552208567627
USER	Get portfolios	54	START	1552208567628	1552208567628
USER	Get portfolios	55	START	1552208567630	1552208567630
REQUEST	20		Get all portfolios	1552208567549	1552208567638	OK	 
USER	Get portfolios	56	START	1552208567640	1552208567640
USER	Get portfolios	57	START	1552208567642	1552208567642
REQUEST	6		Get all portfolios	1552208567473	1552208567638	OK	 
USER	Get portfolios	58	START	1552208567644	1552208567644
USER	Get portfolios	59	START	1552208567647	1552208567647
USER	Get portfolios	60	START	1552208567653	1552208567653
USER	Get portfolios	61	START	1552208567654	1552208567654
USER	Get portfolios	62	START	1552208567655	1552208567655
USER	Get portfolios	63	START	1552208567657	1552208567657
USER	Get portfolios	64	START	1552208567658	1552208567658
USER	Get portfolios	65	START	1552208567659	1552208567659
USER	Get portfolios	66	START	1552208567659	1552208567659
USER	Get portfolios	67	START	1552208567660	1552208567660
USER	Get portfolios	68	START	1552208567661	1552208567661
USER	Get portfolios	69	START	1552208567661	1552208567661
USER	Get portfolios	70	START	1552208567662	1552208567662
USER	Get portfolios	71	START	1552208567663	1552208567663
USER	Get portfolios	72	START	1552208567664	1552208567664
USER	Get portfolios	73	START	1552208567669	1552208567669
USER	Get portfolios	74	START	1552208567670	1552208567670
USER	Get portfolios	75	START	1552208567671	1552208567671
USER	Get portfolios	76	START	1552208567672	1552208567672
USER	Get portfolios	77	START	1552208567673	1552208567673
USER	Get portfolios	78	START	1552208567675	1552208567675
USER	Get portfolios	79	START	1552208567677	1552208567677
USER	Get portfolios	80	START	1552208567686	1552208567686
USER	Get portfolios	81	START	1552208567688	1552208567688
USER	Get portfolios	82	START	1552208567690	1552208567690
USER	Get portfolios	83	START	1552208567692	1552208567692
USER	Get portfolios	84	START	1552208567693	1552208567693
USER	Get portfolios	85	START	1552208567694	1552208567694
USER	Get portfolios	86	START	1552208567695	1552208567695
USER	Get portfolios	87	START	1552208567696	1552208567696
USER	Get portfolios	88	START	1552208567698	1552208567698
REQUEST	49		Get all portfolios	1552208567615	1552208567703	OK	 
REQUEST	18		Get all portfolios	1552208567542	1552208567705	OK	 
REQUEST	37		Get all portfolios	1552208567583	1552208567705	OK	 
REQUEST	30		Get all portfolios	1552208567574	1552208567705	OK	 
REQUEST	14		Get all portfolios	1552208567514	1552208567706	OK	 
REQUEST	26		Get all portfolios	1552208567567	1552208567708	OK	 
USER	Get portfolios	89	START	1552208567699	1552208567699
REQUEST	57		Get all portfolios	1552208567643	1552208567717	OK	 
USER	Get portfolios	90	START	1552208567719	1552208567719
USER	Get portfolios	91	START	1552208567720	1552208567720
REQUEST	21		Get all portfolios	1552208567555	1552208567718	OK	 
USER	Get portfolios	92	START	1552208567720	1552208567720
USER	Get portfolios	93	START	1552208567722	1552208567722
USER	Get portfolios	94	START	1552208567722	1552208567722
REQUEST	38		Get all portfolios	1552208567595	1552208567727	OK	 
USER	Get portfolios	95	START	1552208567723	1552208567723
USER	Get portfolios	96	START	1552208567728	1552208567728
USER	Get portfolios	97	START	1552208567730	1552208567730
USER	Get portfolios	98	START	1552208567730	1552208567730
USER	Get portfolios	99	START	1552208567731	1552208567731
USER	Get portfolios	100	START	1552208567734	1552208567734
USER	Get portfolios	101	START	1552208567736	1552208567736
USER	Get portfolios	102	START	1552208567737	1552208567737
USER	Get portfolios	103	START	1552208567739	1552208567739
USER	Get portfolios	104	START	1552208567741	1552208567741
USER	Get portfolios	105	START	1552208567743	1552208567743
USER	Get portfolios	106	START	1552208567745	1552208567745
USER	Get portfolios	107	START	1552208567746	1552208567746
USER	Get portfolios	108	START	1552208567748	1552208567748
USER	Get portfolios	109	START	1552208567750	1552208567750
USER	Get portfolios	110	START	1552208567751	1552208567751
USER	Get portfolios	111	START	1552208567752	1552208567752
USER	Get portfolios	112	START	1552208567753	1552208567753
USER	Get portfolios	113	START	1552208567755	1552208567755
USER	Get portfolios	114	START	1552208567756	1552208567756
USER	Get portfolios	115	START	1552208567758	1552208567758
REQUEST	41		Get all portfolios	1552208567598	1552208567760	OK	 
USER	Get portfolios	116	START	1552208567760	1552208567760
USER	Get portfolios	117	START	1552208567767	1552208567767
USER	Get portfolios	118	START	1552208567768	1552208567768
REQUEST	22		Get all portfolios	1552208567556	1552208567777	OK	 
USER	Get portfolios	119	START	1552208567770	1552208567770
USER	Get portfolios	120	START	1552208567778	1552208567778
USER	Get portfolios	121	START	1552208567780	1552208567780
USER	Get portfolios	122	START	1552208567781	1552208567781
USER	Get portfolios	123	START	1552208567782	1552208567782
USER	Get portfolios	124	START	1552208567784	1552208567784
USER	Get portfolios	125	START	1552208567790	1552208567790
USER	Get portfolios	126	START	1552208567791	1552208567791
USER	Get portfolios	127	START	1552208567792	1552208567792
USER	Get portfolios	128	START	1552208567797	1552208567797
USER	Get portfolios	129	START	1552208567799	1552208567799
USER	Get portfolios	130	START	1552208567801	1552208567801
USER	Get portfolios	131	START	1552208567802	1552208567802
REQUEST	33		Get all portfolios	1552208567578	1552208567806	OK	 
USER	Get portfolios	132	START	1552208567805	1552208567805
USER	Get portfolios	133	START	1552208567807	1552208567807
USER	Get portfolios	134	START	1552208567808	1552208567808
USER	Get portfolios	135	START	1552208567809	1552208567809
USER	Get portfolios	136	START	1552208567810	1552208567810
REQUEST	44		Get all portfolios	1552208567603	1552208567815	OK	 
USER	Get portfolios	137	START	1552208567811	1552208567811
USER	Get portfolios	138	START	1552208567816	1552208567816
REQUEST	64		Get all portfolios	1552208567659	1552208567818	OK	 
USER	Get portfolios	139	START	1552208567817	1552208567817
USER	Get portfolios	140	START	1552208567821	1552208567821
USER	Get portfolios	141	START	1552208567823	1552208567823
USER	Get portfolios	142	START	1552208567824	1552208567824
USER	Get portfolios	143	START	1552208567827	1552208567827
USER	Get portfolios	144	START	1552208567827	1552208567827
USER	Get portfolios	145	START	1552208567829	1552208567829
USER	Get portfolios	146	START	1552208567831	1552208567831
USER	Get portfolios	147	START	1552208567832	1552208567832
USER	Get portfolios	148	START	1552208567834	1552208567834
USER	Get portfolios	149	START	1552208567841	1552208567841
USER	Get portfolios	150	START	1552208567843	1552208567843
USER	Get portfolios	151	START	1552208567844	1552208567844
USER	Get portfolios	152	START	1552208567845	1552208567845
USER	Get portfolios	153	START	1552208567846	1552208567846
USER	Get portfolios	154	START	1552208567848	1552208567848
USER	Get portfolios	155	START	1552208567850	1552208567850
USER	Get portfolios	156	START	1552208567852	1552208567852
USER	Get portfolios	157	START	1552208567852	1552208567852
USER	Get portfolios	158	START	1552208567853	1552208567853
USER	Get portfolios	159	START	1552208567855	1552208567855
USER	Get portfolios	160	START	1552208567856	1552208567856
USER	Get portfolios	161	START	1552208567858	1552208567858
USER	Get portfolios	162	START	1552208567859	1552208567859
USER	Get portfolios	163	START	1552208567861	1552208567861
USER	Get portfolios	164	START	1552208567862	1552208567862
USER	Get portfolios	165	START	1552208567863	1552208567863
USER	Get portfolios	166	START	1552208567863	1552208567863
USER	Get portfolios	167	START	1552208567865	1552208567865
USER	Get portfolios	168	START	1552208567865	1552208567865
USER	Get portfolios	169	START	1552208567867	1552208567867
USER	Get portfolios	170	START	1552208567867	1552208567867
USER	Get portfolios	171	START	1552208567869	1552208567869
USER	Get portfolios	172	START	1552208567871	1552208567871
USER	Get portfolios	173	START	1552208567871	1552208567871
USER	Get portfolios	174	START	1552208567873	1552208567873
USER	Get portfolios	175	START	1552208567875	1552208567875
USER	Get portfolios	176	START	1552208567877	1552208567877
USER	Get portfolios	177	START	1552208567878	1552208567878
USER	Get portfolios	178	START	1552208567879	1552208567879
USER	Get portfolios	179	START	1552208567881	1552208567881
USER	Get portfolios	180	START	1552208567881	1552208567881
USER	Get portfolios	181	START	1552208567883	1552208567883
USER	Get portfolios	182	START	1552208567884	1552208567884
REQUEST	29		Get all portfolios	1552208567573	1552208567886	OK	 
USER	Get portfolios	183	START	1552208567886	1552208567886
USER	Get portfolios	184	START	1552208567887	1552208567887
USER	Get portfolios	185	START	1552208567888	1552208567888
USER	Get portfolios	186	START	1552208567890	1552208567890
USER	Get portfolios	187	START	1552208567890	1552208567890
USER	Get portfolios	188	START	1552208567891	1552208567891
USER	Get portfolios	189	START	1552208567892	1552208567892
USER	Get portfolios	190	START	1552208567894	1552208567894
USER	Get portfolios	191	START	1552208567897	1552208567897
USER	Get portfolios	192	START	1552208567899	1552208567899
USER	Get portfolios	193	START	1552208567903	1552208567903
USER	Get portfolios	194	START	1552208567904	1552208567904
USER	Get portfolios	195	START	1552208567904	1552208567904
USER	Get portfolios	196	START	1552208567904	1552208567904
USER	Get portfolios	197	START	1552208567905	1552208567905
USER	Get portfolios	198	START	1552208567905	1552208567905
USER	Get portfolios	199	START	1552208567906	1552208567906
USER	Get portfolios	200	START	1552208567906	1552208567906
USER	Get portfolios	201	START	1552208567909	1552208567909
USER	Get portfolios	202	START	1552208567910	1552208567910
USER	Get portfolios	203	START	1552208567912	1552208567912
USER	Get portfolios	204	START	1552208567913	1552208567913
USER	Get portfolios	205	START	1552208567913	1552208567913
USER	Get portfolios	206	START	1552208567914	1552208567914
USER	Get portfolios	207	START	1552208567916	1552208567916
USER	Get portfolios	208	START	1552208567917	1552208567917
USER	Get portfolios	209	START	1552208567919	1552208567919
USER	Get portfolios	210	START	1552208567921	1552208567921
USER	Get portfolios	211	START	1552208567923	1552208567923
USER	Get portfolios	212	START	1552208567924	1552208567924
USER	Get portfolios	213	START	1552208567925	1552208567925
USER	Get portfolios	214	START	1552208567926	1552208567926
USER	Get portfolios	215	START	1552208567929	1552208567929
USER	Get portfolios	216	START	1552208567930	1552208567930
USER	Get portfolios	217	START	1552208567933	1552208567933
USER	Get portfolios	218	START	1552208567934	1552208567934
USER	Get portfolios	219	START	1552208567936	1552208567936
USER	Get portfolios	220	START	1552208567937	1552208567937
USER	Get portfolios	221	START	1552208567940	1552208567940
USER	Get portfolios	222	START	1552208567941	1552208567941
USER	Get portfolios	223	START	1552208567943	1552208567943
USER	Get portfolios	224	START	1552208567945	1552208567945
USER	Get portfolios	225	START	1552208567946	1552208567946
USER	Get portfolios	226	START	1552208567953	1552208567953
USER	Get portfolios	227	START	1552208567954	1552208567954
USER	Get portfolios	228	START	1552208567957	1552208567957
USER	Get portfolios	229	START	1552208567960	1552208567960
USER	Get portfolios	230	START	1552208567961	1552208567961
USER	Get portfolios	231	START	1552208567964	1552208567964
USER	Get portfolios	232	START	1552208567965	1552208567965
USER	Get portfolios	233	START	1552208567966	1552208567966
USER	Get portfolios	234	START	1552208567968	1552208567968
USER	Get portfolios	235	START	1552208567970	1552208567970
USER	Get portfolios	236	START	1552208567971	1552208567971
USER	Get portfolios	237	START	1552208567973	1552208567973
USER	Get portfolios	238	START	1552208567974	1552208567974
USER	Get portfolios	239	START	1552208567975	1552208567975
USER	Get portfolios	240	START	1552208567976	1552208567976
USER	Get portfolios	241	START	1552208567978	1552208567978
USER	Get portfolios	242	START	1552208567979	1552208567979
USER	Get portfolios	243	START	1552208568027	1552208568027
USER	Get portfolios	244	START	1552208568027	1552208568027
USER	Get portfolios	245	START	1552208568028	1552208568028
USER	Get portfolios	246	START	1552208568028	1552208568028
USER	Get portfolios	247	START	1552208568031	1552208568031
USER	Get portfolios	248	START	1552208568032	1552208568032
USER	Get portfolios	249	START	1552208568033	1552208568033
USER	Get portfolios	250	START	1552208568034	1552208568034
USER	Get portfolios	251	START	1552208568035	1552208568035
USER	Get portfolios	252	START	1552208568036	1552208568036
USER	Get portfolios	253	START	1552208568036	1552208568036
USER	Get portfolios	254	START	1552208568040	1552208568040
USER	Get portfolios	255	START	1552208568041	1552208568041
USER	Get portfolios	256	START	1552208568043	1552208568043
USER	Get portfolios	257	START	1552208568044	1552208568044
USER	Get portfolios	258	START	1552208568046	1552208568046
USER	Get portfolios	259	START	1552208568047	1552208568047
USER	Get portfolios	260	START	1552208568047	1552208568047
USER	Get portfolios	261	START	1552208568048	1552208568048
USER	Get portfolios	262	START	1552208568048	1552208568048
USER	Get portfolios	263	START	1552208568049	1552208568049
USER	Get portfolios	264	START	1552208568049	1552208568049
USER	Get portfolios	265	START	1552208568050	1552208568050
USER	Get portfolios	266	START	1552208568051	1552208568051
USER	Get portfolios	267	START	1552208568052	1552208568052
USER	Get portfolios	268	START	1552208568053	1552208568053
USER	Get portfolios	269	START	1552208568054	1552208568054
USER	Get portfolios	270	START	1552208568055	1552208568055
REQUEST	17		Get all portfolios	1552208567516	1552208568057	OK	 
USER	Get portfolios	271	START	1552208568057	1552208568057
USER	Get portfolios	272	START	1552208568058	1552208568058
USER	Get portfolios	273	START	1552208568058	1552208568058
USER	Get portfolios	274	START	1552208568060	1552208568060
USER	Get portfolios	275	START	1552208568062	1552208568062
USER	Get portfolios	276	START	1552208568062	1552208568062
USER	Get portfolios	277	START	1552208568063	1552208568063
USER	Get portfolios	278	START	1552208568064	1552208568064
USER	Get portfolios	279	START	1552208568066	1552208568066
USER	Get portfolios	280	START	1552208568067	1552208568067
USER	Get portfolios	281	START	1552208568068	1552208568068
USER	Get portfolios	282	START	1552208568069	1552208568069
REQUEST	27		Get all portfolios	1552208567569	1552208568070	OK	 
USER	Get portfolios	283	START	1552208568070	1552208568070
USER	Get portfolios	284	START	1552208568071	1552208568071
REQUEST	54		Get all portfolios	1552208567628	1552208568073	OK	 
USER	Get portfolios	285	START	1552208568072	1552208568072
USER	Get portfolios	286	START	1552208568074	1552208568074
USER	Get portfolios	287	START	1552208568075	1552208568075
USER	Get portfolios	288	START	1552208568076	1552208568076
USER	Get portfolios	289	START	1552208568078	1552208568078
USER	Get portfolios	290	START	1552208568079	1552208568079
USER	Get portfolios	291	START	1552208568081	1552208568081
USER	Get portfolios	292	START	1552208568081	1552208568081
USER	Get portfolios	293	START	1552208568082	1552208568082
USER	Get portfolios	294	START	1552208568084	1552208568084
USER	Get portfolios	295	START	1552208568085	1552208568085
REQUEST	56		Get all portfolios	1552208567641	1552208568088	OK	 
REQUEST	53		Get all portfolios	1552208567628	1552208568092	OK	 
REQUEST	50		Get all portfolios	1552208567617	1552208568093	OK	 
REQUEST	23		Get all portfolios	1552208567557	1552208568094	OK	 
USER	Get portfolios	296	START	1552208568086	1552208568086
USER	Get portfolios	297	START	1552208568094	1552208568094
REQUEST	28		Get all portfolios	1552208567572	1552208568097	OK	 
REQUEST	32		Get all portfolios	1552208567576	1552208568100	OK	 
USER	Get portfolios	298	START	1552208568096	1552208568096
USER	Get portfolios	299	START	1552208568101	1552208568101
USER	Get portfolios	300	START	1552208568102	1552208568102
USER	Get portfolios	301	START	1552208568103	1552208568103
USER	Get portfolios	302	START	1552208568104	1552208568104
USER	Get portfolios	303	START	1552208568105	1552208568105
USER	Get portfolios	304	START	1552208568106	1552208568106
USER	Get portfolios	305	START	1552208568107	1552208568107
USER	Get portfolios	306	START	1552208568108	1552208568108
USER	Get portfolios	307	START	1552208568109	1552208568109
USER	Get portfolios	308	START	1552208568110	1552208568110
USER	Get portfolios	309	START	1552208568111	1552208568111
USER	Get portfolios	310	START	1552208568111	1552208568111
USER	Get portfolios	311	START	1552208568112	1552208568112
USER	Get portfolios	312	START	1552208568114	1552208568114
USER	Get portfolios	313	START	1552208568115	1552208568115
REQUEST	58		Get all portfolios	1552208567645	1552208568121	OK	 
USER	Get portfolios	314	START	1552208568116	1552208568116
USER	Get portfolios	315	START	1552208568123	1552208568123
USER	Get portfolios	316	START	1552208568123	1552208568123
USER	Get portfolios	317	START	1552208568124	1552208568124
USER	Get portfolios	318	START	1552208568125	1552208568125
USER	Get portfolios	319	START	1552208568125	1552208568125
USER	Get portfolios	320	START	1552208568129	1552208568129
USER	Get portfolios	321	START	1552208568129	1552208568129
USER	Get portfolios	322	START	1552208568131	1552208568131
USER	Get portfolios	323	START	1552208568131	1552208568131
USER	Get portfolios	324	START	1552208568132	1552208568132
USER	Get portfolios	325	START	1552208568133	1552208568133
USER	Get portfolios	326	START	1552208568133	1552208568133
USER	Get portfolios	327	START	1552208568133	1552208568133
REQUEST	42		Get all portfolios	1552208567599	1552208568137	OK	 
USER	Get portfolios	328	START	1552208568134	1552208568134
USER	Get portfolios	329	START	1552208568138	1552208568138
REQUEST	39		Get all portfolios	1552208567595	1552208568141	OK	 
REQUEST	5		Get all portfolios	1552208567472	1552208568141	OK	 
USER	Get portfolios	330	START	1552208568139	1552208568139
USER	Get portfolios	331	START	1552208568142	1552208568142
REQUEST	55		Get all portfolios	1552208567630	1552208568144	OK	 
USER	Get portfolios	332	START	1552208568143	1552208568143
USER	Get portfolios	333	START	1552208568146	1552208568146
USER	Get portfolios	334	START	1552208568147	1552208568147
USER	Get portfolios	335	START	1552208568153	1552208568153
USER	Get portfolios	336	START	1552208568154	1552208568154
USER	Get portfolios	337	START	1552208568154	1552208568154
USER	Get portfolios	338	START	1552208568155	1552208568155
USER	Get portfolios	339	START	1552208568156	1552208568156
USER	Get portfolios	340	START	1552208568157	1552208568157
USER	Get portfolios	341	START	1552208568157	1552208568157
USER	Get portfolios	342	START	1552208568158	1552208568158
USER	Get portfolios	343	START	1552208568159	1552208568159
USER	Get portfolios	344	START	1552208568160	1552208568160
USER	Get portfolios	345	START	1552208568161	1552208568161
USER	Get portfolios	346	START	1552208568161	1552208568161
USER	Get portfolios	347	START	1552208568164	1552208568164
USER	Get portfolios	348	START	1552208568165	1552208568165
USER	Get portfolios	349	START	1552208568166	1552208568166
USER	Get portfolios	350	START	1552208568166	1552208568166
REQUEST	43		Get all portfolios	1552208567602	1552208568167	OK	 
REQUEST	31		Get all portfolios	1552208567575	1552208568167	OK	 
USER	Get portfolios	351	START	1552208568167	1552208568167
USER	Get portfolios	352	START	1552208568169	1552208568169
REQUEST	52		Get all portfolios	1552208567626	1552208568170	OK	 
USER	Get portfolios	353	START	1552208568170	1552208568170
REQUEST	48		Get all portfolios	1552208567608	1552208568172	OK	 
USER	Get portfolios	354	START	1552208568172	1552208568172
USER	Get portfolios	355	START	1552208568174	1552208568174
USER	Get portfolios	356	START	1552208568175	1552208568175
USER	Get portfolios	357	START	1552208568176	1552208568176
REQUEST	84		Get all portfolios	1552208567693	1552208568176	OK	 
REQUEST	68		Get all portfolios	1552208567661	1552208568178	OK	 
REQUEST	78		Get all portfolios	1552208567676	1552208568179	OK	 
USER	Get portfolios	358	START	1552208568177	1552208568177
USER	Get portfolios	359	START	1552208568180	1552208568180
USER	Get portfolios	360	START	1552208568180	1552208568180
USER	Get portfolios	361	START	1552208568181	1552208568181
USER	Get portfolios	362	START	1552208568182	1552208568182
USER	Get portfolios	363	START	1552208568182	1552208568182
REQUEST	35		Get all portfolios	1552208567581	1552208568184	OK	 
USER	Get portfolios	364	START	1552208568183	1552208568183
USER	Get portfolios	365	START	1552208568187	1552208568187
USER	Get portfolios	366	START	1552208568188	1552208568188
USER	Get portfolios	367	START	1552208568188	1552208568188
REQUEST	25		Get all portfolios	1552208567558	1552208568191	OK	 
REQUEST	10		Get all portfolios	1552208567503	1552208568192	OK	 
USER	Get portfolios	368	START	1552208568189	1552208568189
USER	Get portfolios	369	START	1552208568195	1552208568195
USER	Get portfolios	370	START	1552208568196	1552208568196
USER	Get portfolios	371	START	1552208568196	1552208568196
REQUEST	34		Get all portfolios	1552208567580	1552208568197	OK	 
USER	Get portfolios	372	START	1552208568197	1552208568197
USER	Get portfolios	373	START	1552208568198	1552208568198
USER	Get portfolios	374	START	1552208568199	1552208568199
USER	Get portfolios	375	START	1552208568200	1552208568200
USER	Get portfolios	376	START	1552208568200	1552208568200
USER	Get portfolios	377	START	1552208568201	1552208568201
USER	Get portfolios	378	START	1552208568201	1552208568201
USER	Get portfolios	379	START	1552208568202	1552208568202
USER	Get portfolios	380	START	1552208568202	1552208568202
REQUEST	71		Get all portfolios	1552208567664	1552208568203	OK	 
USER	Get portfolios	381	START	1552208568203	1552208568203
USER	Get portfolios	382	START	1552208568204	1552208568204
USER	Get portfolios	383	START	1552208568205	1552208568205
USER	Get portfolios	384	START	1552208568205	1552208568205
USER	Get portfolios	385	START	1552208568206	1552208568206
USER	Get portfolios	386	START	1552208568206	1552208568206
USER	Get portfolios	387	START	1552208568207	1552208568207
USER	Get portfolios	388	START	1552208568207	1552208568207
USER	Get portfolios	389	START	1552208568208	1552208568208
USER	Get portfolios	390	START	1552208568210	1552208568210
USER	Get portfolios	391	START	1552208568210	1552208568210
USER	Get portfolios	392	START	1552208568210	1552208568210
USER	Get portfolios	393	START	1552208568211	1552208568211
USER	Get portfolios	394	START	1552208568212	1552208568212
USER	Get portfolios	395	START	1552208568212	1552208568212
USER	Get portfolios	396	START	1552208568212	1552208568212
REQUEST	15		Get all portfolios	1552208567515	1552208568213	OK	 
REQUEST	47		Get all portfolios	1552208567606	1552208568213	OK	 
REQUEST	36		Get all portfolios	1552208567582	1552208568212	OK	 
REQUEST	40		Get all portfolios	1552208567597	1552208568220	OK	 
REQUEST	63		Get all portfolios	1552208567658	1552208568222	OK	 
USER	Get portfolios	397	START	1552208568213	1552208568213
USER	Get portfolios	398	START	1552208568225	1552208568225
USER	Get portfolios	399	START	1552208568227	1552208568227
USER	Get portfolios	400	START	1552208568227	1552208568227
USER	Get portfolios	401	START	1552208568228	1552208568228
USER	Get portfolios	402	START	1552208568229	1552208568229
USER	Get portfolios	403	START	1552208568230	1552208568230
USER	Get portfolios	404	START	1552208568232	1552208568232
USER	Get portfolios	405	START	1552208568232	1552208568232
USER	Get portfolios	406	START	1552208568234	1552208568234
USER	Get portfolios	407	START	1552208568235	1552208568235
REQUEST	86		Get all portfolios	1552208567696	1552208568238	OK	 
REQUEST	59		Get all portfolios	1552208567647	1552208568240	OK	 
REQUEST	108		Get all portfolios	1552208567748	1552208568244	OK	 
REQUEST	112		Get all portfolios	1552208567753	1552208568244	OK	 
USER	Get portfolios	408	START	1552208568238	1552208568238
REQUEST	45		Get all portfolios	1552208567603	1552208568246	OK	 
REQUEST	76		Get all portfolios	1552208567672	1552208568247	OK	 
REQUEST	80		Get all portfolios	1552208567687	1552208568250	OK	 
USER	Get portfolios	409	START	1552208568246	1552208568246
REQUEST	92		Get all portfolios	1552208567721	1552208568252	OK	 
REQUEST	65		Get all portfolios	1552208567659	1552208568257	OK	 
REQUEST	62		Get all portfolios	1552208567656	1552208568258	OK	 
REQUEST	51		Get all portfolios	1552208567620	1552208568258	OK	 
USER	Get portfolios	410	START	1552208568251	1552208568251
USER	Get portfolios	411	START	1552208568258	1552208568258
USER	Get portfolios	412	START	1552208568259	1552208568259
USER	Get portfolios	413	START	1552208568259	1552208568259
REQUEST	46		Get all portfolios	1552208567605	1552208568260	OK	 
REQUEST	61		Get all portfolios	1552208567655	1552208568260	OK	 
REQUEST	104		Get all portfolios	1552208567742	1552208568261	OK	 
REQUEST	24		Get all portfolios	1552208567557	1552208568273	OK	 
USER	Get portfolios	414	START	1552208568259	1552208568259
USER	Get portfolios	415	START	1552208568274	1552208568274
REQUEST	74		Get all portfolios	1552208567671	1552208568275	OK	 
REQUEST	124		Get all portfolios	1552208567784	1552208568275	OK	 
REQUEST	12		Get all portfolios	1552208567504	1552208568276	OK	 
USER	Get portfolios	416	START	1552208568275	1552208568275
USER	Get portfolios	417	START	1552208568278	1552208568278
USER	Get portfolios	418	START	1552208568279	1552208568279
USER	Get portfolios	419	START	1552208568279	1552208568279
USER	Get portfolios	420	START	1552208568281	1552208568281
REQUEST	128		Get all portfolios	1552208567798	1552208568282	OK	 
USER	Get portfolios	421	START	1552208568283	1552208568283
USER	Get portfolios	422	START	1552208568288	1552208568288
USER	Get portfolios	423	START	1552208568288	1552208568288
USER	Get portfolios	424	START	1552208568289	1552208568289
USER	Get portfolios	425	START	1552208568290	1552208568290
USER	Get portfolios	426	START	1552208568290	1552208568290
USER	Get portfolios	427	START	1552208568290	1552208568290
REQUEST	70		Get all portfolios	1552208567662	1552208568291	OK	 
USER	Get portfolios	428	START	1552208568291	1552208568291
USER	Get portfolios	429	START	1552208568291	1552208568291
USER	Get portfolios	430	START	1552208568291	1552208568291
USER	Get portfolios	431	START	1552208568292	1552208568292
USER	Get portfolios	432	START	1552208568292	1552208568292
USER	Get portfolios	433	START	1552208568293	1552208568293
REQUEST	60		Get all portfolios	1552208567654	1552208568294	OK	 
USER	Get portfolios	434	START	1552208568300	1552208568300
USER	Get portfolios	435	START	1552208568300	1552208568300
USER	Get portfolios	436	START	1552208568301	1552208568301
USER	Get portfolios	437	START	1552208568301	1552208568301
USER	Get portfolios	438	START	1552208568301	1552208568301
USER	Get portfolios	439	START	1552208568302	1552208568302
USER	Get portfolios	440	START	1552208568321	1552208568321
USER	Get portfolios	441	START	1552208568321	1552208568321
REQUEST	69		Get all portfolios	1552208567662	1552208568323	OK	 
REQUEST	98		Get all portfolios	1552208567731	1552208568294	OK	 
REQUEST	99		Get all portfolios	1552208567731	1552208568296	OK	 
USER	Get portfolios	442	START	1552208568322	1552208568322
USER	Get portfolios	443	START	1552208568324	1552208568324
USER	Get portfolios	444	START	1552208568325	1552208568325
REQUEST	120		Get all portfolios	1552208567778	1552208568318	OK	 
USER	Get portfolios	445	START	1552208568325	1552208568325
USER	Get portfolios	446	START	1552208568326	1552208568326
REQUEST	66		Get all portfolios	1552208567660	1552208568327	OK	 
USER	Get portfolios	447	START	1552208568327	1552208568327
USER	Get portfolios	448	START	1552208568331	1552208568331
USER	Get portfolios	449	START	1552208568333	1552208568333
REQUEST	116		Get all portfolios	1552208567760	1552208568328	OK	 
USER	Get portfolios	450	START	1552208568334	1552208568334
REQUEST	103		Get all portfolios	1552208567740	1552208568319	OK	 
REQUEST	94		Get all portfolios	1552208567723	1552208568323	OK	 
USER	Get portfolios	451	START	1552208568334	1552208568334
USER	Get portfolios	452	START	1552208568335	1552208568335
REQUEST	100		Get all portfolios	1552208567735	1552208568334	OK	 
REQUEST	110		Get all portfolios	1552208567751	1552208568344	OK	 
USER	Get portfolios	453	START	1552208568335	1552208568335
USER	Get portfolios	454	START	1552208568349	1552208568349
USER	Get portfolios	455	START	1552208568349	1552208568349
REQUEST	67		Get all portfolios	1552208567661	1552208568350	OK	 
REQUEST	122		Get all portfolios	1552208567781	1552208568349	OK	 
USER	Get portfolios	456	START	1552208568351	1552208568351
REQUEST	130		Get all portfolios	1552208567801	1552208568351	OK	 
REQUEST	138		Get all portfolios	1552208567817	1552208568358	OK	 
REQUEST	82		Get all portfolios	1552208567691	1552208568360	OK	 
REQUEST	126		Get all portfolios	1552208567791	1552208568362	OK	 
REQUEST	106		Get all portfolios	1552208567745	1552208568362	OK	 
REQUEST	118		Get all portfolios	1552208567768	1552208568367	OK	 
REQUEST	114		Get all portfolios	1552208567757	1552208568367	OK	 
REQUEST	134		Get all portfolios	1552208567808	1552208568368	OK	 
REQUEST	91		Get all portfolios	1552208567720	1552208568368	OK	 
REQUEST	150		Get all portfolios	1552208567843	1552208568368	OK	 
REQUEST	142		Get all portfolios	1552208567824	1552208568373	OK	 
REQUEST	158		Get all portfolios	1552208567854	1552208568376	OK	 
REQUEST	162		Get all portfolios	1552208567860	1552208568376	OK	 
REQUEST	87		Get all portfolios	1552208567697	1552208568380	OK	 
REQUEST	207		Get all portfolios	1552208567917	1552208568381	OK	 
REQUEST	190		Get all portfolios	1552208567894	1552208568382	OK	 
USER	Get portfolios	457	START	1552208568361	1552208568361
REQUEST	205		Get all portfolios	1552208567914	1552208568383	OK	 
USER	Get portfolios	458	START	1552208568383	1552208568383
REQUEST	166		Get all portfolios	1552208567864	1552208568386	OK	 
REQUEST	214		Get all portfolios	1552208567927	1552208568387	OK	 
REQUEST	195		Get all portfolios	1552208567904	1552208568388	OK	 
USER	Get portfolios	459	START	1552208568384	1552208568384
USER	Get portfolios	460	START	1552208568388	1552208568388
USER	Get portfolios	461	START	1552208568389	1552208568389
USER	Get portfolios	462	START	1552208568389	1552208568389
REQUEST	219		Get all portfolios	1552208567937	1552208568392	OK	 
USER	Get portfolios	463	START	1552208568392	1552208568392
USER	Get portfolios	464	START	1552208568394	1552208568394
USER	Get portfolios	465	START	1552208568395	1552208568395
USER	Get portfolios	466	START	1552208568396	1552208568396
REQUEST	194		Get all portfolios	1552208567904	1552208568399	OK	 
REQUEST	172		Get all portfolios	1552208567871	1552208568399	OK	 
REQUEST	182		Get all portfolios	1552208567885	1552208568400	OK	 
REQUEST	186		Get all portfolios	1552208567890	1552208568399	OK	 
REQUEST	178		Get all portfolios	1552208567879	1552208568402	OK	 
REQUEST	132		Get all portfolios	1552208567805	1552208568405	OK	 
USER	Get portfolios	467	START	1552208568396	1552208568396
USER	Get portfolios	468	START	1552208568406	1552208568406
REQUEST	217		Get all portfolios	1552208567933	1552208568396	OK	 
USER	Get portfolios	469	START	1552208568406	1552208568406
REQUEST	169		Get all portfolios	1552208567867	1552208568407	OK	 
REQUEST	201		Get all portfolios	1552208567910	1552208568408	OK	 
USER	Get portfolios	470	START	1552208568408	1552208568408
USER	Get portfolios	471	START	1552208568409	1552208568409
USER	Get portfolios	472	START	1552208568409	1552208568409
REQUEST	224		Get all portfolios	1552208567945	1552208568424	OK	 
REQUEST	240		Get all portfolios	1552208567977	1552208568425	OK	 
REQUEST	152		Get all portfolios	1552208567845	1552208568425	OK	 
REQUEST	140		Get all portfolios	1552208567821	1552208568427	OK	 
REQUEST	228		Get all portfolios	1552208567957	1552208568427	OK	 
REQUEST	236		Get all portfolios	1552208567972	1552208568428	OK	 
REQUEST	148		Get all portfolios	1552208567841	1552208568429	OK	 
REQUEST	174		Get all portfolios	1552208567874	1552208568429	OK	 
USER	Get portfolios	473	START	1552208568429	1552208568429
USER	Get portfolios	474	START	1552208568429	1552208568429
USER	Get portfolios	475	START	1552208568430	1552208568430
USER	Get portfolios	476	START	1552208568430	1552208568430
REQUEST	146		Get all portfolios	1552208567831	1552208568431	OK	 
REQUEST	232		Get all portfolios	1552208567966	1552208568440	OK	 
REQUEST	137		Get all portfolios	1552208567816	1552208568441	OK	 
USER	Get portfolios	477	START	1552208568430	1552208568430
USER	Get portfolios	478	START	1552208568442	1552208568442
USER	Get portfolios	479	START	1552208568443	1552208568443
USER	Get portfolios	480	START	1552208568443	1552208568443
USER	Get portfolios	481	START	1552208568444	1552208568444
REQUEST	168		Get all portfolios	1552208567866	1552208568445	OK	 
REQUEST	144		Get all portfolios	1552208567828	1552208568446	OK	 
REQUEST	160		Get all portfolios	1552208567856	1552208568449	OK	 
USER	Get portfolios	482	START	1552208568444	1552208568444
REQUEST	164		Get all portfolios	1552208567862	1552208568458	OK	 
REQUEST	156		Get all portfolios	1552208567852	1552208568458	OK	 
REQUEST	154		Get all portfolios	1552208567849	1552208568459	OK	 
USER	Get portfolios	483	START	1552208568454	1552208568454
USER	Get portfolios	484	START	1552208568459	1552208568459
USER	Get portfolios	485	START	1552208568460	1552208568460
USER	Get portfolios	486	START	1552208568461	1552208568461
USER	Get portfolios	487	START	1552208568462	1552208568462
USER	Get portfolios	488	START	1552208568462	1552208568462
USER	Get portfolios	489	START	1552208568463	1552208568463
USER	Get portfolios	490	START	1552208568465	1552208568465
USER	Get portfolios	491	START	1552208568470	1552208568470
USER	Get portfolios	492	START	1552208568471	1552208568471
REQUEST	199		Get all portfolios	1552208567906	1552208568480	OK	 
USER	Get portfolios	493	START	1552208568471	1552208568471
REQUEST	184		Get all portfolios	1552208567888	1552208568481	OK	 
USER	Get portfolios	494	START	1552208568481	1552208568481
USER	Get portfolios	495	START	1552208568482	1552208568482
USER	Get portfolios	496	START	1552208568483	1552208568483
REQUEST	176		Get all portfolios	1552208567877	1552208568485	OK	 
USER	Get portfolios	497	START	1552208568485	1552208568485
REQUEST	188		Get all portfolios	1552208567891	1552208568486	OK	 
USER	Get portfolios	498	START	1552208568486	1552208568486
USER	Get portfolios	499	START	1552208568487	1552208568487
USER	Get portfolios	500	START	1552208568487	1552208568487
REQUEST	221		Get all portfolios	1552208567940	1552208568488	OK	 
REQUEST	218		Get all portfolios	1552208567935	1552208568491	OK	 
REQUEST	203		Get all portfolios	1552208567913	1552208568493	OK	 
USER	Get portfolios	8	END	1552208567492	1552208567517
USER	Get portfolios	3	END	1552208567434	1552208567531
USER	Get portfolios	1	END	1552208567404	1552208567532
USER	Get portfolios	7	END	1552208567485	1552208567534
USER	Get portfolios	2	END	1552208567431	1552208567536
USER	Get portfolios	16	END	1552208567515	1552208567542
USER	Get portfolios	4	END	1552208567453	1552208567542
USER	Get portfolios	9	END	1552208567494	1552208567590
USER	Get portfolios	11	END	1552208567503	1552208567594
USER	Get portfolios	13	END	1552208567504	1552208567612
USER	Get portfolios	19	END	1552208567543	1552208567614
USER	Get portfolios	20	END	1552208567549	1552208567640
USER	Get portfolios	6	END	1552208567473	1552208567646
USER	Get portfolios	49	END	1552208567614	1552208567704
USER	Get portfolios	18	END	1552208567516	1552208567705
USER	Get portfolios	37	END	1552208567583	1552208567705
USER	Get portfolios	30	END	1552208567573	1552208567706
USER	Get portfolios	14	END	1552208567514	1552208567708
USER	Get portfolios	26	END	1552208567567	1552208567709
USER	Get portfolios	57	END	1552208567642	1552208567720
USER	Get portfolios	21	END	1552208567553	1552208567720
USER	Get portfolios	38	END	1552208567594	1552208567727
USER	Get portfolios	41	END	1552208567598	1552208567761
USER	Get portfolios	22	END	1552208567555	1552208567777
USER	Get portfolios	33	END	1552208567578	1552208567806
USER	Get portfolios	44	END	1552208567602	1552208567815
USER	Get portfolios	64	END	1552208567658	1552208567818
USER	Get portfolios	29	END	1552208567572	1552208567886
USER	Get portfolios	17	END	1552208567515	1552208568058
USER	Get portfolios	27	END	1552208567568	1552208568071
USER	Get portfolios	54	END	1552208567628	1552208568073
USER	Get portfolios	53	END	1552208567627	1552208568092
USER	Get portfolios	50	END	1552208567617	1552208568093
USER	Get portfolios	23	END	1552208567556	1552208568094
USER	Get portfolios	56	END	1552208567640	1552208568094
USER	Get portfolios	28	END	1552208567571	1552208568097
USER	Get portfolios	32	END	1552208567576	1552208568101
USER	Get portfolios	58	END	1552208567644	1552208568122
REQUEST	212		Get all portfolios	1552208567924	1552208568502	OK	 
REQUEST	192		Get all portfolios	1552208567899	1552208568502	OK	 
USER	Get portfolios	42	END	1552208567598	1552208568137
USER	Get portfolios	39	END	1552208567595	1552208568141
USER	Get portfolios	5	END	1552208567472	1552208568141
USER	Get portfolios	55	END	1552208567630	1552208568145
USER	Get portfolios	43	END	1552208567602	1552208568168
USER	Get portfolios	31	END	1552208567574	1552208568169
USER	Get portfolios	52	END	1552208567622	1552208568170
USER	Get portfolios	48	END	1552208567608	1552208568173
USER	Get portfolios	84	END	1552208567693	1552208568177
USER	Get portfolios	68	END	1552208567661	1552208568179
USER	Get portfolios	78	END	1552208567675	1552208568179
USER	Get portfolios	35	END	1552208567580	1552208568184
USER	Get portfolios	25	END	1552208567558	1552208568191
USER	Get portfolios	10	END	1552208567502	1552208568192
USER	Get portfolios	34	END	1552208567580	1552208568198
USER	Get portfolios	71	END	1552208567663	1552208568203
USER	Get portfolios	15	END	1552208567514	1552208568213
USER	Get portfolios	47	END	1552208567606	1552208568214
USER	Get portfolios	36	END	1552208567582	1552208568219
USER	Get portfolios	40	END	1552208567596	1552208568221
USER	Get portfolios	63	END	1552208567657	1552208568223
USER	Get portfolios	86	END	1552208567695	1552208568238
USER	Get portfolios	59	END	1552208567647	1552208568240
USER	Get portfolios	108	END	1552208567748	1552208568245
USER	Get portfolios	112	END	1552208567753	1552208568245
USER	Get portfolios	45	END	1552208567603	1552208568246
USER	Get portfolios	76	END	1552208567672	1552208568247
USER	Get portfolios	80	END	1552208567686	1552208568251
USER	Get portfolios	92	END	1552208567720	1552208568256
USER	Get portfolios	65	END	1552208567659	1552208568257
USER	Get portfolios	62	END	1552208567655	1552208568258
USER	Get portfolios	51	END	1552208567619	1552208568258
USER	Get portfolios	46	END	1552208567604	1552208568260
USER	Get portfolios	61	END	1552208567654	1552208568261
USER	Get portfolios	104	END	1552208567741	1552208568273
USER	Get portfolios	24	END	1552208567557	1552208568273
USER	Get portfolios	74	END	1552208567670	1552208568276
USER	Get portfolios	124	END	1552208567784	1552208568276
USER	Get portfolios	12	END	1552208567504	1552208568276
USER	Get portfolios	128	END	1552208567797	1552208568287
USER	Get portfolios	70	END	1552208567662	1552208568291
USER	Get portfolios	60	END	1552208567653	1552208568295
USER	Get portfolios	69	END	1552208567661	1552208568323
USER	Get portfolios	98	END	1552208567730	1552208568323
USER	Get portfolios	99	END	1552208567731	1552208568323
USER	Get portfolios	120	END	1552208567778	1552208568326
USER	Get portfolios	66	END	1552208567659	1552208568327
USER	Get portfolios	116	END	1552208567760	1552208568334
USER	Get portfolios	103	END	1552208567739	1552208568335
USER	Get portfolios	94	END	1552208567722	1552208568335
USER	Get portfolios	100	END	1552208567734	1552208568342
USER	Get portfolios	110	END	1552208567751	1552208568344
USER	Get portfolios	67	END	1552208567660	1552208568350
USER	Get portfolios	122	END	1552208567781	1552208568351
USER	Get portfolios	130	END	1552208567801	1552208568358
USER	Get portfolios	138	END	1552208567816	1552208568359
USER	Get portfolios	82	END	1552208567690	1552208568360
USER	Get portfolios	106	END	1552208567745	1552208568367
USER	Get portfolios	126	END	1552208567791	1552208568367
USER	Get portfolios	118	END	1552208567768	1552208568367
USER	Get portfolios	114	END	1552208567756	1552208568367
USER	Get portfolios	134	END	1552208567808	1552208568368
USER	Get portfolios	91	END	1552208567720	1552208568368
USER	Get portfolios	150	END	1552208567843	1552208568368
USER	Get portfolios	142	END	1552208567824	1552208568373
USER	Get portfolios	158	END	1552208567853	1552208568376
USER	Get portfolios	162	END	1552208567859	1552208568377
USER	Get portfolios	87	END	1552208567696	1552208568381
USER	Get portfolios	207	END	1552208567916	1552208568381
USER	Get portfolios	190	END	1552208567894	1552208568382
USER	Get portfolios	205	END	1552208567913	1552208568384
USER	Get portfolios	166	END	1552208567863	1552208568387
USER	Get portfolios	214	END	1552208567926	1552208568387
USER	Get portfolios	195	END	1552208567904	1552208568388
USER	Get portfolios	219	END	1552208567936	1552208568392
USER	Get portfolios	172	END	1552208567871	1552208568399
USER	Get portfolios	194	END	1552208567904	1552208568399
USER	Get portfolios	186	END	1552208567890	1552208568401
USER	Get portfolios	182	END	1552208567884	1552208568402
USER	Get portfolios	178	END	1552208567879	1552208568403
USER	Get portfolios	132	END	1552208567805	1552208568405
USER	Get portfolios	217	END	1552208567933	1552208568407
USER	Get portfolios	169	END	1552208567867	1552208568408
USER	Get portfolios	201	END	1552208567909	1552208568408
REQUEST	209		Get all portfolios	1552208567919	1552208568509	OK	 
REQUEST	211		Get all portfolios	1552208567924	1552208568509	OK	 
REQUEST	77		Get all portfolios	1552208567673	1552208568510	OK	 
REQUEST	234		Get all portfolios	1552208567968	1552208568512	OK	 
USER	Get portfolios	224	END	1552208567945	1552208568424
REQUEST	226		Get all portfolios	1552208567953	1552208568515	OK	 
REQUEST	239		Get all portfolios	1552208567975	1552208568517	OK	 
REQUEST	73		Get all portfolios	1552208567669	1552208568518	OK	 
USER	Get portfolios	240	END	1552208567976	1552208568425
USER	Get portfolios	152	END	1552208567845	1552208568426
USER	Get portfolios	140	END	1552208567821	1552208568427
USER	Get portfolios	228	END	1552208567957	1552208568428
USER	Get portfolios	236	END	1552208567971	1552208568428
USER	Get portfolios	148	END	1552208567834	1552208568429
USER	Get portfolios	174	END	1552208567873	1552208568429
USER	Get portfolios	146	END	1552208567831	1552208568431
USER	Get portfolios	232	END	1552208567965	1552208568440
USER	Get portfolios	137	END	1552208567811	1552208568441
USER	Get portfolios	168	END	1552208567865	1552208568445
USER	Get portfolios	144	END	1552208567827	1552208568446
USER	Get portfolios	160	END	1552208567856	1552208568449
USER	Get portfolios	164	END	1552208567862	1552208568458
USER	Get portfolios	156	END	1552208567852	1552208568459
USER	Get portfolios	154	END	1552208567848	1552208568459
USER	Get portfolios	199	END	1552208567906	1552208568480
USER	Get portfolios	184	END	1552208567887	1552208568481
USER	Get portfolios	176	END	1552208567877	1552208568485
USER	Get portfolios	188	END	1552208567891	1552208568487
USER	Get portfolios	221	END	1552208567940	1552208568488
USER	Get portfolios	218	END	1552208567934	1552208568491
USER	Get portfolios	203	END	1552208567912	1552208568493
USER	Get portfolios	212	END	1552208567924	1552208568502
USER	Get portfolios	192	END	1552208567899	1552208568503
USER	Get portfolios	209	END	1552208567919	1552208568509
USER	Get portfolios	211	END	1552208567923	1552208568510
USER	Get portfolios	77	END	1552208567673	1552208568510
USER	Get portfolios	234	END	1552208567968	1552208568512
USER	Get portfolios	226	END	1552208567953	1552208568515
USER	Get portfolios	239	END	1552208567975	1552208568517
USER	Get portfolios	73	END	1552208567669	1552208568518
REQUEST	231		Get all portfolios	1552208567964	1552208568523	OK	 
USER	Get portfolios	231	END	1552208567964	1552208568523
REQUEST	180		Get all portfolios	1552208567882	1552208568523	OK	 
USER	Get portfolios	180	END	1552208567881	1552208568523
REQUEST	89		Get all portfolios	1552208567706	1552208568525	OK	 
USER	Get portfolios	89	END	1552208567699	1552208568525
REQUEST	105		Get all portfolios	1552208567743	1552208568533	OK	 
USER	Get portfolios	105	END	1552208567743	1552208568533
REQUEST	85		Get all portfolios	1552208567695	1552208568537	OK	 
USER	Get portfolios	85	END	1552208567694	1552208568537
REQUEST	121		Get all portfolios	1552208567780	1552208568540	OK	 
USER	Get portfolios	121	END	1552208567780	1552208568540
REQUEST	102		Get all portfolios	1552208567739	1552208568541	OK	 
USER	Get portfolios	102	END	1552208567737	1552208568541
REQUEST	81		Get all portfolios	1552208567689	1552208568544	OK	 
USER	Get portfolios	81	END	1552208567688	1552208568545
REQUEST	129		Get all portfolios	1552208567800	1552208568546	OK	 
USER	Get portfolios	129	END	1552208567799	1552208568547
REQUEST	93		Get all portfolios	1552208567722	1552208568548	OK	 
USER	Get portfolios	93	END	1552208567722	1552208568549
REQUEST	252		Get all portfolios	1552208568036	1552208568550	OK	 
USER	Get portfolios	252	END	1552208568036	1552208568551
REQUEST	72		Get all portfolios	1552208567664	1552208568552	OK	 
USER	Get portfolios	72	END	1552208567664	1552208568552
REQUEST	136		Get all portfolios	1552208567810	1552208568553	OK	 
USER	Get portfolios	136	END	1552208567810	1552208568554
REQUEST	95		Get all portfolios	1552208567723	1552208568558	OK	 
REQUEST	79		Get all portfolios	1552208567684	1552208568558	OK	 
USER	Get portfolios	95	END	1552208567723	1552208568558
USER	Get portfolios	79	END	1552208567677	1552208568558
REQUEST	250		Get all portfolios	1552208568034	1552208568577	OK	 
USER	Get portfolios	250	END	1552208568034	1552208568577
REQUEST	96		Get all portfolios	1552208567728	1552208568578	OK	 
USER	Get portfolios	96	END	1552208567728	1552208568578
REQUEST	88		Get all portfolios	1552208567699	1552208568584	OK	 
USER	Get portfolios	88	END	1552208567698	1552208568584
REQUEST	90		Get all portfolios	1552208567720	1552208568585	OK	 
USER	Get portfolios	90	END	1552208567719	1552208568585
REQUEST	243		Get all portfolios	1552208568027	1552208568587	OK	 
USER	Get portfolios	243	END	1552208568027	1552208568587
REQUEST	248		Get all portfolios	1552208568033	1552208568588	OK	 
USER	Get portfolios	248	END	1552208568032	1552208568588
REQUEST	75		Get all portfolios	1552208567672	1552208568589	OK	 
USER	Get portfolios	75	END	1552208567671	1552208568589
REQUEST	133		Get all portfolios	1552208567807	1552208568590	OK	 
USER	Get portfolios	133	END	1552208567807	1552208568590
REQUEST	242		Get all portfolios	1552208567980	1552208568594	OK	 
USER	Get portfolios	242	END	1552208567979	1552208568594
REQUEST	83		Get all portfolios	1552208567693	1552208568597	OK	 
USER	Get portfolios	83	END	1552208567692	1552208568597
REQUEST	109		Get all portfolios	1552208567750	1552208568599	OK	 
USER	Get portfolios	109	END	1552208567750	1552208568599
REQUEST	125		Get all portfolios	1552208567790	1552208568603	OK	 
USER	Get portfolios	125	END	1552208567790	1552208568603
REQUEST	149		Get all portfolios	1552208567842	1552208568603	OK	 
USER	Get portfolios	149	END	1552208567841	1552208568604
REQUEST	153		Get all portfolios	1552208567847	1552208568607	OK	 
REQUEST	161		Get all portfolios	1552208567858	1552208568608	OK	 
REQUEST	107		Get all portfolios	1552208567747	1552208568608	OK	 
USER	Get portfolios	153	END	1552208567846	1552208568608
USER	Get portfolios	161	END	1552208567858	1552208568608
USER	Get portfolios	107	END	1552208567746	1552208568608
REQUEST	131		Get all portfolios	1552208567803	1552208568608	OK	 
USER	Get portfolios	131	END	1552208567802	1552208568608
REQUEST	143		Get all portfolios	1552208567827	1552208568610	OK	 
USER	Get portfolios	143	END	1552208567827	1552208568610
REQUEST	157		Get all portfolios	1552208567852	1552208568613	OK	 
REQUEST	246		Get all portfolios	1552208568028	1552208568613	OK	 
REQUEST	117		Get all portfolios	1552208567767	1552208568613	OK	 
USER	Get portfolios	157	END	1552208567852	1552208568613
USER	Get portfolios	246	END	1552208568028	1552208568613
USER	Get portfolios	117	END	1552208567767	1552208568613
REQUEST	123		Get all portfolios	1552208567783	1552208568616	OK	 
USER	Get portfolios	123	END	1552208567782	1552208568616
REQUEST	101		Get all portfolios	1552208567737	1552208568617	OK	 
USER	Get portfolios	101	END	1552208567736	1552208568617
REQUEST	173		Get all portfolios	1552208567872	1552208568621	OK	 
USER	Get portfolios	173	END	1552208567871	1552208568621
REQUEST	163		Get all portfolios	1552208567861	1552208568624	OK	 
REQUEST	115		Get all portfolios	1552208567759	1552208568624	OK	 
REQUEST	147		Get all portfolios	1552208567832	1552208568625	OK	 
USER	Get portfolios	163	END	1552208567861	1552208568624
USER	Get portfolios	115	END	1552208567758	1552208568625
USER	Get portfolios	147	END	1552208567832	1552208568625
REQUEST	167		Get all portfolios	1552208567865	1552208568628	OK	 
REQUEST	170		Get all portfolios	1552208567868	1552208568628	OK	 
USER	Get portfolios	167	END	1552208567865	1552208568628
USER	Get portfolios	170	END	1552208567867	1552208568628
REQUEST	139		Get all portfolios	1552208567817	1552208568630	OK	 
USER	Get portfolios	139	END	1552208567817	1552208568630
REQUEST	151		Get all portfolios	1552208567845	1552208568634	OK	 
REQUEST	183		Get all portfolios	1552208567886	1552208568634	OK	 
USER	Get portfolios	151	END	1552208567844	1552208568634
REQUEST	179		Get all portfolios	1552208567881	1552208568634	OK	 
USER	Get portfolios	183	END	1552208567886	1552208568634
USER	Get portfolios	179	END	1552208567881	1552208568635
REQUEST	155		Get all portfolios	1552208567850	1552208568637	OK	 
USER	Get portfolios	155	END	1552208567850	1552208568637
REQUEST	216		Get all portfolios	1552208567930	1552208568646	OK	 
USER	Get portfolios	216	END	1552208567930	1552208568646
REQUEST	97		Get all portfolios	1552208567730	1552208568646	OK	 
USER	Get portfolios	97	END	1552208567730	1552208568646
REQUEST	222		Get all portfolios	1552208567942	1552208568648	OK	 
REQUEST	127		Get all portfolios	1552208567795	1552208568648	OK	 
USER	Get portfolios	222	END	1552208567941	1552208568648
USER	Get portfolios	127	END	1552208567792	1552208568648
REQUEST	191		Get all portfolios	1552208567898	1552208568648	OK	 
USER	Get portfolios	191	END	1552208567897	1552208568648
REQUEST	119		Get all portfolios	1552208567770	1552208568648	OK	 
USER	Get portfolios	119	END	1552208567770	1552208568649
REQUEST	159		Get all portfolios	1552208567856	1552208568651	OK	 
USER	Get portfolios	159	END	1552208567855	1552208568651
REQUEST	202		Get all portfolios	1552208567912	1552208568651	OK	 
USER	Get portfolios	202	END	1552208567910	1552208568651
REQUEST	135		Get all portfolios	1552208567810	1552208568653	OK	 
USER	Get portfolios	135	END	1552208567809	1552208568653
REQUEST	254		Get all portfolios	1552208568041	1552208568654	OK	 
USER	Get portfolios	254	END	1552208568040	1552208568655
REQUEST	196		Get all portfolios	1552208567905	1552208568656	OK	 
USER	Get portfolios	196	END	1552208567904	1552208568657
REQUEST	256		Get all portfolios	1552208568043	1552208568659	OK	 
USER	Get portfolios	256	END	1552208568043	1552208568660
REQUEST	225		Get all portfolios	1552208567947	1552208568662	OK	 
REQUEST	210		Get all portfolios	1552208567921	1552208568662	OK	 
USER	Get portfolios	210	END	1552208567921	1552208568662
USER	Get portfolios	225	END	1552208567946	1552208568662
REQUEST	238		Get all portfolios	1552208567974	1552208568663	OK	 
USER	Get portfolios	238	END	1552208567974	1552208568664
REQUEST	187		Get all portfolios	1552208567891	1552208568664	OK	 
USER	Get portfolios	187	END	1552208567890	1552208568665
REQUEST	208		Get all portfolios	1552208567917	1552208568666	OK	 
USER	Get portfolios	208	END	1552208567917	1552208568666
REQUEST	253		Get all portfolios	1552208568040	1552208568667	OK	 
REQUEST	241		Get all portfolios	1552208567978	1552208568669	OK	 
USER	Get portfolios	253	END	1552208568036	1552208568667
USER	Get portfolios	241	END	1552208567978	1552208568669
REQUEST	257		Get all portfolios	1552208568045	1552208568669	OK	 
USER	Get portfolios	257	END	1552208568044	1552208568670
REQUEST	113		Get all portfolios	1552208567755	1552208568670	OK	 
USER	Get portfolios	113	END	1552208567755	1552208568670
REQUEST	230		Get all portfolios	1552208567961	1552208568671	OK	 
USER	Get portfolios	230	END	1552208567961	1552208568672
REQUEST	111		Get all portfolios	1552208567753	1552208568672	OK	 
USER	Get portfolios	111	END	1552208567752	1552208568672
REQUEST	145		Get all portfolios	1552208567829	1552208568672	OK	 
REQUEST	141		Get all portfolios	1552208567824	1552208568673	OK	 
USER	Get portfolios	145	END	1552208567829	1552208568673
USER	Get portfolios	141	END	1552208567823	1552208568673
REQUEST	198		Get all portfolios	1552208567906	1552208568674	OK	 
USER	Get portfolios	198	END	1552208567905	1552208568674
REQUEST	177		Get all portfolios	1552208567879	1552208568675	OK	 
USER	Get portfolios	177	END	1552208567878	1552208568675
REQUEST	244		Get all portfolios	1552208568028	1552208568679	OK	 
REQUEST	165		Get all portfolios	1552208567863	1552208568679	OK	 
REQUEST	249		Get all portfolios	1552208568034	1552208568679	OK	 
USER	Get portfolios	249	END	1552208568033	1552208568679
USER	Get portfolios	244	END	1552208568027	1552208568679
USER	Get portfolios	165	END	1552208567863	1552208568679
REQUEST	189		Get all portfolios	1552208567892	1552208568682	OK	 
REQUEST	258		Get all portfolios	1552208568046	1552208568683	OK	 
USER	Get portfolios	189	END	1552208567892	1552208568683
USER	Get portfolios	258	END	1552208568046	1552208568684
REQUEST	175		Get all portfolios	1552208567875	1552208568687	OK	 
USER	Get portfolios	175	END	1552208567875	1552208568688
REQUEST	171		Get all portfolios	1552208567869	1552208568690	OK	 
USER	Get portfolios	171	END	1552208567869	1552208568691
REQUEST	185		Get all portfolios	1552208567888	1552208568692	OK	 
USER	Get portfolios	185	END	1552208567888	1552208568693
REQUEST	181		Get all portfolios	1552208567883	1552208568695	OK	 
USER	Get portfolios	181	END	1552208567883	1552208568695
REQUEST	260		Get all portfolios	1552208568048	1552208568700	OK	 
USER	Get portfolios	260	END	1552208568047	1552208568700
REQUEST	193		Get all portfolios	1552208567904	1552208568705	OK	 
USER	Get portfolios	193	END	1552208567903	1552208568705
REQUEST	251		Get all portfolios	1552208568036	1552208568709	OK	 
USER	Get portfolios	251	END	1552208568035	1552208568709
REQUEST	301		Get all portfolios	1552208568103	1552208568710	OK	 
USER	Get portfolios	301	END	1552208568103	1552208568710
REQUEST	284		Get all portfolios	1552208568071	1552208568714	OK	 
USER	Get portfolios	284	END	1552208568071	1552208568715
REQUEST	233		Get all portfolios	1552208567967	1552208568715	OK	 
USER	Get portfolios	233	END	1552208567966	1552208568715
REQUEST	223		Get all portfolios	1552208567943	1552208568716	OK	 
REQUEST	215		Get all portfolios	1552208567930	1552208568717	OK	 
USER	Get portfolios	223	END	1552208567943	1552208568717
USER	Get portfolios	215	END	1552208567929	1552208568717
REQUEST	292		Get all portfolios	1552208568082	1552208568722	OK	 
REQUEST	229		Get all portfolios	1552208567960	1552208568722	OK	 
USER	Get portfolios	292	END	1552208568081	1552208568722
USER	Get portfolios	229	END	1552208567960	1552208568722
REQUEST	220		Get all portfolios	1552208567938	1552208568724	OK	 
USER	Get portfolios	220	END	1552208567937	1552208568724
REQUEST	272		Get all portfolios	1552208568058	1552208568729	OK	 
USER	Get portfolios	272	END	1552208568058	1552208568730
REQUEST	307		Get all portfolios	1552208568109	1552208568730	OK	 
USER	Get portfolios	307	END	1552208568109	1552208568730
REQUEST	300		Get all portfolios	1552208568102	1552208568731	OK	 
USER	Get portfolios	300	END	1552208568102	1552208568732
REQUEST	197		Get all portfolios	1552208567905	1552208568732	OK	 
USER	Get portfolios	197	END	1552208567905	1552208568732
REQUEST	270		Get all portfolios	1552208568055	1552208568735	OK	 
REQUEST	299		Get all portfolios	1552208568101	1552208568735	OK	 
USER	Get portfolios	270	END	1552208568055	1552208568735
USER	Get portfolios	299	END	1552208568101	1552208568735
REQUEST	304		Get all portfolios	1552208568106	1552208568737	OK	 
USER	Get portfolios	304	END	1552208568106	1552208568737
REQUEST	305		Get all portfolios	1552208568107	1552208568737	OK	 
USER	Get portfolios	305	END	1552208568107	1552208568737
REQUEST	303		Get all portfolios	1552208568105	1552208568740	OK	 
USER	Get portfolios	303	END	1552208568105	1552208568740
REQUEST	204		Get all portfolios	1552208567913	1552208568743	OK	 
USER	Get portfolios	204	END	1552208567913	1552208568743
REQUEST	213		Get all portfolios	1552208567926	1552208568755	OK	 
REQUEST	294		Get all portfolios	1552208568084	1552208568755	OK	 
USER	Get portfolios	294	END	1552208568084	1552208568756
USER	Get portfolios	213	END	1552208567925	1552208568756
REQUEST	237		Get all portfolios	1552208567973	1552208568756	OK	 
USER	Get portfolios	237	END	1552208567973	1552208568757
REQUEST	289		Get all portfolios	1552208568078	1552208568756	OK	 
USER	Get portfolios	289	END	1552208568078	1552208568757
REQUEST	297		Get all portfolios	1552208568095	1552208568760	OK	 
USER	Get portfolios	297	END	1552208568094	1552208568760
REQUEST	287		Get all portfolios	1552208568076	1552208568765	OK	 
REQUEST	247		Get all portfolios	1552208568032	1552208568765	OK	 
USER	Get portfolios	287	END	1552208568075	1552208568765
USER	Get portfolios	247	END	1552208568031	1552208568765
REQUEST	235		Get all portfolios	1552208567970	1552208568766	OK	 
USER	Get portfolios	235	END	1552208567970	1552208568767
REQUEST	311		Get all portfolios	1552208568114	1552208568769	OK	 
USER	Get portfolios	311	END	1552208568112	1552208568769
REQUEST	285		Get all portfolios	1552208568072	1552208568771	OK	 
USER	Get portfolios	285	END	1552208568072	1552208568771
REQUEST	286		Get all portfolios	1552208568074	1552208568774	OK	 
USER	Get portfolios	286	END	1552208568074	1552208568774
REQUEST	206		Get all portfolios	1552208567914	1552208568778	OK	 
USER	Get portfolios	206	END	1552208567914	1552208568778
REQUEST	291		Get all portfolios	1552208568081	1552208568780	OK	 
USER	Get portfolios	291	END	1552208568081	1552208568781
REQUEST	283		Get all portfolios	1552208568071	1552208568782	OK	 
USER	Get portfolios	283	END	1552208568070	1552208568782
REQUEST	293		Get all portfolios	1552208568083	1552208568784	OK	 
USER	Get portfolios	293	END	1552208568082	1552208568784
REQUEST	200		Get all portfolios	1552208567906	1552208568787	OK	 
USER	Get portfolios	200	END	1552208567906	1552208568787
REQUEST	290		Get all portfolios	1552208568080	1552208568790	OK	 
REQUEST	281		Get all portfolios	1552208568068	1552208568790	OK	 
USER	Get portfolios	281	END	1552208568068	1552208568791
USER	Get portfolios	290	END	1552208568079	1552208568791
REQUEST	295		Get all portfolios	1552208568085	1552208568791	OK	 
USER	Get portfolios	295	END	1552208568085	1552208568791
REQUEST	280		Get all portfolios	1552208568068	1552208568794	OK	 
USER	Get portfolios	280	END	1552208568067	1552208568794
REQUEST	279		Get all portfolios	1552208568066	1552208568795	OK	 
USER	Get portfolios	279	END	1552208568066	1552208568795
REQUEST	282		Get all portfolios	1552208568069	1552208568795	OK	 
USER	Get portfolios	282	END	1552208568069	1552208568796
REQUEST	274		Get all portfolios	1552208568061	1552208568796	OK	 
USER	Get portfolios	274	END	1552208568060	1552208568796
REQUEST	261		Get all portfolios	1552208568048	1552208568796	OK	 
USER	Get portfolios	261	END	1552208568048	1552208568797
REQUEST	315		Get all portfolios	1552208568123	1552208568797	OK	 
USER	Get portfolios	315	END	1552208568123	1552208568797
REQUEST	245		Get all portfolios	1552208568028	1552208568800	OK	 
USER	Get portfolios	245	END	1552208568028	1552208568800
REQUEST	296		Get all portfolios	1552208568087	1552208568800	OK	 
USER	Get portfolios	296	END	1552208568086	1552208568801
REQUEST	262		Get all portfolios	1552208568048	1552208568805	OK	 
USER	Get portfolios	262	END	1552208568048	1552208568806
REQUEST	264		Get all portfolios	1552208568050	1552208568807	OK	 
REQUEST	275		Get all portfolios	1552208568062	1552208568808	OK	 
USER	Get portfolios	264	END	1552208568049	1552208568808
USER	Get portfolios	275	END	1552208568062	1552208568808
REQUEST	255		Get all portfolios	1552208568042	1552208568809	OK	 
USER	Get portfolios	255	END	1552208568041	1552208568810
REQUEST	318		Get all portfolios	1552208568125	1552208568810	OK	 
USER	Get portfolios	318	END	1552208568125	1552208568810
REQUEST	263		Get all portfolios	1552208568049	1552208568810	OK	 
REQUEST	302		Get all portfolios	1552208568104	1552208568812	OK	 
USER	Get portfolios	263	END	1552208568049	1552208568811
REQUEST	277		Get all portfolios	1552208568063	1552208568813	OK	 
USER	Get portfolios	302	END	1552208568104	1552208568812
USER	Get portfolios	277	END	1552208568063	1552208568813
REQUEST	266		Get all portfolios	1552208568051	1552208568814	OK	 
USER	Get portfolios	266	END	1552208568051	1552208568814
REQUEST	273		Get all portfolios	1552208568059	1552208568815	OK	 
USER	Get portfolios	273	END	1552208568058	1552208568815
REQUEST	314		Get all portfolios	1552208568117	1552208568818	OK	 
REQUEST	324		Get all portfolios	1552208568132	1552208568819	OK	 
REQUEST	306		Get all portfolios	1552208568108	1552208568820	OK	 
REQUEST	268		Get all portfolios	1552208568053	1552208568820	OK	 
USER	Get portfolios	324	END	1552208568132	1552208568820
USER	Get portfolios	314	END	1552208568116	1552208568820
USER	Get portfolios	306	END	1552208568108	1552208568820
USER	Get portfolios	268	END	1552208568053	1552208568820
REQUEST	227		Get all portfolios	1552208567955	1552208568820	OK	 
USER	Get portfolios	227	END	1552208567954	1552208568820
REQUEST	269		Get all portfolios	1552208568055	1552208568821	OK	 
USER	Get portfolios	269	END	1552208568054	1552208568821
REQUEST	267		Get all portfolios	1552208568052	1552208568822	OK	 
USER	Get portfolios	267	END	1552208568052	1552208568822
REQUEST	288		Get all portfolios	1552208568077	1552208568825	OK	 
USER	Get portfolios	288	END	1552208568076	1552208568825
REQUEST	276		Get all portfolios	1552208568062	1552208568826	OK	 
USER	Get portfolios	276	END	1552208568062	1552208568826
REQUEST	271		Get all portfolios	1552208568057	1552208568829	OK	 
USER	Get portfolios	271	END	1552208568057	1552208568829
REQUEST	278		Get all portfolios	1552208568065	1552208568835	OK	 
USER	Get portfolios	278	END	1552208568064	1552208568836
REQUEST	259		Get all portfolios	1552208568047	1552208568838	OK	 
USER	Get portfolios	259	END	1552208568047	1552208568838
REQUEST	298		Get all portfolios	1552208568096	1552208568842	OK	 
REQUEST	325		Get all portfolios	1552208568133	1552208568843	OK	 
USER	Get portfolios	298	END	1552208568096	1552208568843
USER	Get portfolios	325	END	1552208568133	1552208568843
REQUEST	350		Get all portfolios	1552208568167	1552208568844	OK	 
USER	Get portfolios	350	END	1552208568166	1552208568845
REQUEST	358		Get all portfolios	1552208568180	1552208568846	OK	 
REQUEST	319		Get all portfolios	1552208568125	1552208568846	OK	 
USER	Get portfolios	358	END	1552208568177	1552208568846
USER	Get portfolios	319	END	1552208568125	1552208568846
REQUEST	334		Get all portfolios	1552208568152	1552208568848	OK	 
REQUEST	342		Get all portfolios	1552208568158	1552208568848	OK	 
USER	Get portfolios	334	END	1552208568147	1552208568848
USER	Get portfolios	342	END	1552208568158	1552208568848
REQUEST	265		Get all portfolios	1552208568050	1552208568849	OK	 
USER	Get portfolios	265	END	1552208568050	1552208568849
REQUEST	346		Get all portfolios	1552208568162	1552208568849	OK	 
USER	Get portfolios	346	END	1552208568161	1552208568850
REQUEST	331		Get all portfolios	1552208568142	1552208568851	OK	 
USER	Get portfolios	331	END	1552208568142	1552208568851
REQUEST	322		Get all portfolios	1552208568131	1552208568851	OK	 
USER	Get portfolios	322	END	1552208568131	1552208568852
REQUEST	310		Get all portfolios	1552208568111	1552208568854	OK	 
USER	Get portfolios	310	END	1552208568111	1552208568854
REQUEST	354		Get all portfolios	1552208568173	1552208568855	OK	 
USER	Get portfolios	354	END	1552208568172	1552208568855
REQUEST	364		Get all portfolios	1552208568183	1552208568857	OK	 
USER	Get portfolios	364	END	1552208568183	1552208568857
REQUEST	370		Get all portfolios	1552208568196	1552208568857	OK	 
USER	Get portfolios	370	END	1552208568196	1552208568858
REQUEST	316		Get all portfolios	1552208568124	1552208568859	OK	 
REQUEST	338		Get all portfolios	1552208568156	1552208568859	OK	 
USER	Get portfolios	316	END	1552208568123	1552208568860
USER	Get portfolios	338	END	1552208568155	1552208568860
REQUEST	308		Get all portfolios	1552208568110	1552208568862	OK	 
USER	Get portfolios	308	END	1552208568110	1552208568863
REQUEST	320		Get all portfolios	1552208568129	1552208568866	OK	 
USER	Get portfolios	320	END	1552208568129	1552208568866
REQUEST	313		Get all portfolios	1552208568115	1552208568867	OK	 
USER	Get portfolios	313	END	1552208568115	1552208568868
REQUEST	386		Get all portfolios	1552208568207	1552208568869	OK	 
REQUEST	382		Get all portfolios	1552208568204	1552208568869	OK	 
USER	Get portfolios	386	END	1552208568206	1552208568869
USER	Get portfolios	382	END	1552208568204	1552208568869
REQUEST	380		Get all portfolios	1552208568202	1552208568871	OK	 
USER	Get portfolios	380	END	1552208568202	1552208568871
REQUEST	376		Get all portfolios	1552208568200	1552208568872	OK	 
USER	Get portfolios	376	END	1552208568200	1552208568872
REQUEST	323		Get all portfolios	1552208568132	1552208568874	OK	 
USER	Get portfolios	323	END	1552208568131	1552208568874
REQUEST	394		Get all portfolios	1552208568212	1552208568876	OK	 
USER	Get portfolios	394	END	1552208568212	1552208568876
REQUEST	366		Get all portfolios	1552208568188	1552208568876	OK	 
USER	Get portfolios	366	END	1552208568188	1552208568877
REQUEST	348		Get all portfolios	1552208568166	1552208568883	OK	 
USER	Get portfolios	348	END	1552208568165	1552208568883
REQUEST	344		Get all portfolios	1552208568160	1552208568885	OK	 
USER	Get portfolios	344	END	1552208568160	1552208568885
REQUEST	330		Get all portfolios	1552208568142	1552208568885	OK	 
USER	Get portfolios	330	END	1552208568139	1552208568885
REQUEST	356		Get all portfolios	1552208568176	1552208568887	OK	 
USER	Get portfolios	356	END	1552208568175	1552208568887
REQUEST	341		Get all portfolios	1552208568157	1552208568888	OK	 
USER	Get portfolios	341	END	1552208568157	1552208568888
REQUEST	328		Get all portfolios	1552208568137	1552208568889	OK	 
USER	Get portfolios	328	END	1552208568134	1552208568889
REQUEST	337		Get all portfolios	1552208568154	1552208568890	OK	 
REQUEST	349		Get all portfolios	1552208568166	1552208568891	OK	 
REQUEST	363		Get all portfolios	1552208568183	1552208568892	OK	 
USER	Get portfolios	337	END	1552208568154	1552208568890
USER	Get portfolios	349	END	1552208568166	1552208568892
USER	Get portfolios	363	END	1552208568182	1552208568892
REQUEST	390		Get all portfolios	1552208568210	1552208568893	OK	 
USER	Get portfolios	390	END	1552208568210	1552208568893
REQUEST	398		Get all portfolios	1552208568226	1552208568893	OK	 
USER	Get portfolios	398	END	1552208568225	1552208568894
REQUEST	368		Get all portfolios	1552208568189	1552208568896	OK	 
USER	Get portfolios	368	END	1552208568189	1552208568896
REQUEST	332		Get all portfolios	1552208568145	1552208568897	OK	 
USER	Get portfolios	332	END	1552208568143	1552208568897
REQUEST	402		Get all portfolios	1552208568229	1552208568902	OK	 
USER	Get portfolios	402	END	1552208568229	1552208568902
REQUEST	326		Get all portfolios	1552208568133	1552208568904	OK	 
USER	Get portfolios	326	END	1552208568133	1552208568904
REQUEST	367		Get all portfolios	1552208568189	1552208568905	OK	 
REQUEST	395		Get all portfolios	1552208568212	1552208568905	OK	 
USER	Get portfolios	395	END	1552208568212	1552208568906
USER	Get portfolios	367	END	1552208568188	1552208568906
REQUEST	361		Get all portfolios	1552208568181	1552208568908	OK	 
USER	Get portfolios	361	END	1552208568181	1552208568908
REQUEST	359		Get all portfolios	1552208568180	1552208568909	OK	 
USER	Get portfolios	359	END	1552208568180	1552208568909
REQUEST	347		Get all portfolios	1552208568164	1552208568915	OK	 
REQUEST	373		Get all portfolios	1552208568198	1552208568915	OK	 
REQUEST	360		Get all portfolios	1552208568181	1552208568915	OK	 
USER	Get portfolios	347	END	1552208568164	1552208568915
USER	Get portfolios	373	END	1552208568198	1552208568915
USER	Get portfolios	360	END	1552208568180	1552208568915
REQUEST	355		Get all portfolios	1552208568175	1552208568918	OK	 
USER	Get portfolios	355	END	1552208568174	1552208568918
REQUEST	343		Get all portfolios	1552208568160	1552208568922	OK	 
USER	Get portfolios	343	END	1552208568159	1552208568922
REQUEST	340		Get all portfolios	1552208568157	1552208568923	OK	 
USER	Get portfolios	340	END	1552208568157	1552208568924
REQUEST	383		Get all portfolios	1552208568205	1552208568925	OK	 
REQUEST	381		Get all portfolios	1552208568203	1552208568925	OK	 
REQUEST	388		Get all portfolios	1552208568208	1552208568925	OK	 
USER	Get portfolios	388	END	1552208568207	1552208568925
USER	Get portfolios	381	END	1552208568203	1552208568925
USER	Get portfolios	383	END	1552208568205	1552208568926
REQUEST	375		Get all portfolios	1552208568200	1552208568927	OK	 
USER	Get portfolios	375	END	1552208568200	1552208568927
REQUEST	377		Get all portfolios	1552208568201	1552208568929	OK	 
USER	Get portfolios	377	END	1552208568201	1552208568930
REQUEST	369		Get all portfolios	1552208568196	1552208568930	OK	 
USER	Get portfolios	369	END	1552208568195	1552208568930
REQUEST	353		Get all portfolios	1552208568170	1552208568935	OK	 
REQUEST	335		Get all portfolios	1552208568154	1552208568936	OK	 
USER	Get portfolios	335	END	1552208568153	1552208568936
USER	Get portfolios	353	END	1552208568170	1552208568936
REQUEST	391		Get all portfolios	1552208568210	1552208568942	OK	 
USER	Get portfolios	391	END	1552208568210	1552208568943
REQUEST	400		Get all portfolios	1552208568227	1552208568944	OK	 
USER	Get portfolios	400	END	1552208568227	1552208568944
REQUEST	384		Get all portfolios	1552208568206	1552208568946	OK	 
USER	Get portfolios	384	END	1552208568205	1552208568946
REQUEST	396		Get all portfolios	1552208568213	1552208568947	OK	 
USER	Get portfolios	396	END	1552208568212	1552208568947
REQUEST	357		Get all portfolios	1552208568176	1552208568949	OK	 
REQUEST	327		Get all portfolios	1552208568134	1552208568949	OK	 
USER	Get portfolios	357	END	1552208568176	1552208568949
USER	Get portfolios	327	END	1552208568133	1552208568949
REQUEST	351		Get all portfolios	1552208568168	1552208568951	OK	 
USER	Get portfolios	351	END	1552208568167	1552208568952
REQUEST	329		Get all portfolios	1552208568138	1552208568953	OK	 
USER	Get portfolios	329	END	1552208568138	1552208568953
REQUEST	333		Get all portfolios	1552208568147	1552208568954	OK	 
REQUEST	321		Get all portfolios	1552208568131	1552208568954	OK	 
USER	Get portfolios	333	END	1552208568146	1552208568955
USER	Get portfolios	321	END	1552208568129	1552208568955
REQUEST	352		Get all portfolios	1552208568169	1552208568956	OK	 
USER	Get portfolios	352	END	1552208568169	1552208568956
REQUEST	408		Get all portfolios	1552208568239	1552208568957	OK	 
REQUEST	309		Get all portfolios	1552208568111	1552208568957	OK	 
USER	Get portfolios	408	END	1552208568238	1552208568958
USER	Get portfolios	309	END	1552208568111	1552208568958
REQUEST	345		Get all portfolios	1552208568161	1552208568961	OK	 
USER	Get portfolios	345	END	1552208568161	1552208568962
REQUEST	336		Get all portfolios	1552208568154	1552208568964	OK	 
USER	Get portfolios	336	END	1552208568154	1552208568964
REQUEST	387		Get all portfolios	1552208568207	1552208568966	OK	 
USER	Get portfolios	387	END	1552208568207	1552208568966
REQUEST	317		Get all portfolios	1552208568125	1552208568967	OK	 
USER	Get portfolios	317	END	1552208568124	1552208568967
REQUEST	312		Get all portfolios	1552208568115	1552208568970	OK	 
USER	Get portfolios	312	END	1552208568114	1552208568970
REQUEST	403		Get all portfolios	1552208568231	1552208568975	OK	 
USER	Get portfolios	403	END	1552208568230	1552208568976
REQUEST	392		Get all portfolios	1552208568211	1552208568978	OK	 
USER	Get portfolios	392	END	1552208568210	1552208568978
REQUEST	404		Get all portfolios	1552208568232	1552208568978	OK	 
USER	Get portfolios	404	END	1552208568232	1552208568979
REQUEST	374		Get all portfolios	1552208568200	1552208568980	OK	 
USER	Get portfolios	374	END	1552208568199	1552208568980
REQUEST	339		Get all portfolios	1552208568157	1552208568981	OK	 
REQUEST	399		Get all portfolios	1552208568227	1552208568981	OK	 
USER	Get portfolios	339	END	1552208568156	1552208568981
USER	Get portfolios	399	END	1552208568227	1552208568981
REQUEST	406		Get all portfolios	1552208568234	1552208568984	OK	 
USER	Get portfolios	406	END	1552208568234	1552208568984
REQUEST	414		Get all portfolios	1552208568274	1552208568990	OK	 
USER	Get portfolios	414	END	1552208568259	1552208568990
REQUEST	411		Get all portfolios	1552208568258	1552208568992	OK	 
USER	Get portfolios	411	END	1552208568258	1552208568992
REQUEST	410		Get all portfolios	1552208568252	1552208568993	OK	 
USER	Get portfolios	410	END	1552208568251	1552208568993
REQUEST	424		Get all portfolios	1552208568289	1552208568994	OK	 
USER	Get portfolios	424	END	1552208568289	1552208568994
REQUEST	418		Get all portfolios	1552208568279	1552208568997	OK	 
USER	Get portfolios	418	END	1552208568279	1552208568997
REQUEST	432		Get all portfolios	1552208568292	1552208569000	OK	 
USER	Get portfolios	432	END	1552208568292	1552208569000
REQUEST	420		Get all portfolios	1552208568281	1552208569001	OK	 
USER	Get portfolios	420	END	1552208568281	1552208569002
REQUEST	413		Get all portfolios	1552208568259	1552208569003	OK	 
USER	Get portfolios	413	END	1552208568259	1552208569003
REQUEST	412		Get all portfolios	1552208568259	1552208569005	OK	 
USER	Get portfolios	412	END	1552208568259	1552208569005
REQUEST	442		Get all portfolios	1552208568324	1552208569007	OK	 
USER	Get portfolios	442	END	1552208568322	1552208569008
REQUEST	423		Get all portfolios	1552208568289	1552208569010	OK	 
REQUEST	430		Get all portfolios	1552208568292	1552208569010	OK	 
USER	Get portfolios	430	END	1552208568291	1552208569010
USER	Get portfolios	423	END	1552208568288	1552208569010
REQUEST	419		Get all portfolios	1552208568279	1552208569011	OK	 
USER	Get portfolios	419	END	1552208568279	1552208569011
REQUEST	438		Get all portfolios	1552208568301	1552208569012	OK	 
REQUEST	434		Get all portfolios	1552208568300	1552208569012	OK	 
USER	Get portfolios	434	END	1552208568300	1552208569013
USER	Get portfolios	438	END	1552208568301	1552208569013
REQUEST	441		Get all portfolios	1552208568322	1552208569014	OK	 
USER	Get portfolios	441	END	1552208568321	1552208569014
REQUEST	433		Get all portfolios	1552208568293	1552208569014	OK	 
USER	Get portfolios	433	END	1552208568293	1552208569015
REQUEST	429		Get all portfolios	1552208568291	1552208569016	OK	 
USER	Get portfolios	429	END	1552208568291	1552208569016
REQUEST	427		Get all portfolios	1552208568291	1552208569017	OK	 
USER	Get portfolios	427	END	1552208568290	1552208569017
REQUEST	446		Get all portfolios	1552208568327	1552208569019	OK	 
USER	Get portfolios	446	END	1552208568326	1552208569019
REQUEST	428		Get all portfolios	1552208568291	1552208569021	OK	 
USER	Get portfolios	428	END	1552208568291	1552208569021
REQUEST	407		Get all portfolios	1552208568237	1552208569022	OK	 
USER	Get portfolios	407	END	1552208568235	1552208569022
REQUEST	372		Get all portfolios	1552208568197	1552208569022	OK	 
USER	Get portfolios	372	END	1552208568197	1552208569022
REQUEST	416		Get all portfolios	1552208568275	1552208569023	OK	 
USER	Get portfolios	416	END	1552208568275	1552208569023
REQUEST	371		Get all portfolios	1552208568197	1552208569024	OK	 
USER	Get portfolios	371	END	1552208568196	1552208569025
REQUEST	425		Get all portfolios	1552208568290	1552208569025	OK	 
USER	Get portfolios	425	END	1552208568290	1552208569026
REQUEST	362		Get all portfolios	1552208568182	1552208569026	OK	 
USER	Get portfolios	362	END	1552208568182	1552208569027
REQUEST	436		Get all portfolios	1552208568301	1552208569036	OK	 
USER	Get portfolios	436	END	1552208568301	1552208569036
REQUEST	385		Get all portfolios	1552208568206	1552208569037	OK	 
USER	Get portfolios	385	END	1552208568206	1552208569038
REQUEST	389		Get all portfolios	1552208568209	1552208569041	OK	 
USER	Get portfolios	389	END	1552208568208	1552208569041
REQUEST	378		Get all portfolios	1552208568201	1552208569042	OK	 
REQUEST	393		Get all portfolios	1552208568211	1552208569042	OK	 
USER	Get portfolios	378	END	1552208568201	1552208569042
USER	Get portfolios	393	END	1552208568211	1552208569043
REQUEST	365		Get all portfolios	1552208568187	1552208569044	OK	 
USER	Get portfolios	365	END	1552208568187	1552208569044
REQUEST	379		Get all portfolios	1552208568202	1552208569045	OK	 
USER	Get portfolios	379	END	1552208568202	1552208569045
REQUEST	426		Get all portfolios	1552208568290	1552208569047	OK	 
USER	Get portfolios	426	END	1552208568290	1552208569047
REQUEST	417		Get all portfolios	1552208568279	1552208569048	OK	 
USER	Get portfolios	417	END	1552208568278	1552208569048
REQUEST	409		Get all portfolios	1552208568246	1552208569049	OK	 
USER	Get portfolios	409	END	1552208568246	1552208569049
REQUEST	439		Get all portfolios	1552208568302	1552208569050	OK	 
REQUEST	401		Get all portfolios	1552208568228	1552208569050	OK	 
USER	Get portfolios	439	END	1552208568302	1552208569050
USER	Get portfolios	401	END	1552208568228	1552208569050
REQUEST	415		Get all portfolios	1552208568274	1552208569052	OK	 
USER	Get portfolios	415	END	1552208568274	1552208569052
REQUEST	421		Get all portfolios	1552208568288	1552208569053	OK	 
USER	Get portfolios	421	END	1552208568283	1552208569053
REQUEST	447		Get all portfolios	1552208568331	1552208569054	OK	 
USER	Get portfolios	447	END	1552208568327	1552208569055
REQUEST	405		Get all portfolios	1552208568233	1552208569056	OK	 
USER	Get portfolios	405	END	1552208568232	1552208569056
REQUEST	458		Get all portfolios	1552208568384	1552208569058	OK	 
USER	Get portfolios	458	END	1552208568383	1552208569058
REQUEST	445		Get all portfolios	1552208568326	1552208569058	OK	 
USER	Get portfolios	445	END	1552208568325	1552208569059
REQUEST	431		Get all portfolios	1552208568292	1552208569059	OK	 
USER	Get portfolios	431	END	1552208568292	1552208569059
REQUEST	422		Get all portfolios	1552208568288	1552208569060	OK	 
USER	Get portfolios	422	END	1552208568288	1552208569060
REQUEST	443		Get all portfolios	1552208568325	1552208569065	OK	 
USER	Get portfolios	443	END	1552208568324	1552208569065
REQUEST	456		Get all portfolios	1552208568351	1552208569068	OK	 
USER	Get portfolios	456	END	1552208568351	1552208569068
REQUEST	444		Get all portfolios	1552208568325	1552208569069	OK	 
USER	Get portfolios	444	END	1552208568325	1552208569070
REQUEST	454		Get all portfolios	1552208568349	1552208569070	OK	 
USER	Get portfolios	454	END	1552208568349	1552208569070
REQUEST	437		Get all portfolios	1552208568301	1552208569071	OK	 
USER	Get portfolios	437	END	1552208568301	1552208569071
REQUEST	450		Get all portfolios	1552208568334	1552208569074	OK	 
USER	Get portfolios	450	END	1552208568334	1552208569075
REQUEST	457		Get all portfolios	1552208568383	1552208569075	OK	 
REQUEST	397		Get all portfolios	1552208568221	1552208569075	OK	 
USER	Get portfolios	457	END	1552208568361	1552208569075
USER	Get portfolios	397	END	1552208568213	1552208569075
REQUEST	452		Get all portfolios	1552208568335	1552208569080	OK	 
USER	Get portfolios	452	END	1552208568335	1552208569081
REQUEST	440		Get all portfolios	1552208568321	1552208569082	OK	 
REQUEST	449		Get all portfolios	1552208568333	1552208569082	OK	 
USER	Get portfolios	449	END	1552208568333	1552208569082
USER	Get portfolios	440	END	1552208568321	1552208569082
REQUEST	448		Get all portfolios	1552208568332	1552208569087	OK	 
USER	Get portfolios	448	END	1552208568331	1552208569087
REQUEST	435		Get all portfolios	1552208568300	1552208569089	OK	 
USER	Get portfolios	435	END	1552208568300	1552208569089
REQUEST	453		Get all portfolios	1552208568348	1552208569090	OK	 
USER	Get portfolios	453	END	1552208568335	1552208569090
REQUEST	455		Get all portfolios	1552208568350	1552208569092	OK	 
USER	Get portfolios	455	END	1552208568349	1552208569092
REQUEST	459		Get all portfolios	1552208568384	1552208569098	OK	 
USER	Get portfolios	459	END	1552208568384	1552208569098
REQUEST	464		Get all portfolios	1552208568394	1552208569099	OK	 
USER	Get portfolios	464	END	1552208568394	1552208569099
REQUEST	469		Get all portfolios	1552208568407	1552208569099	OK	 
USER	Get portfolios	469	END	1552208568406	1552208569099
REQUEST	462		Get all portfolios	1552208568389	1552208569100	OK	 
USER	Get portfolios	462	END	1552208568389	1552208569100
REQUEST	451		Get all portfolios	1552208568335	1552208569101	OK	 
REQUEST	460		Get all portfolios	1552208568389	1552208569101	OK	 
USER	Get portfolios	451	END	1552208568334	1552208569101
USER	Get portfolios	460	END	1552208568388	1552208569102
REQUEST	463		Get all portfolios	1552208568393	1552208569104	OK	 
USER	Get portfolios	463	END	1552208568392	1552208569104
REQUEST	468		Get all portfolios	1552208568406	1552208569104	OK	 
USER	Get portfolios	468	END	1552208568406	1552208569104
REQUEST	473		Get all portfolios	1552208568429	1552208569106	OK	 
USER	Get portfolios	473	END	1552208568429	1552208569106
REQUEST	467		Get all portfolios	1552208568406	1552208569107	OK	 
REQUEST	461		Get all portfolios	1552208568389	1552208569107	OK	 
REQUEST	466		Get all portfolios	1552208568396	1552208569107	OK	 
USER	Get portfolios	461	END	1552208568389	1552208569107
USER	Get portfolios	467	END	1552208568396	1552208569107
USER	Get portfolios	466	END	1552208568396	1552208569107
REQUEST	475		Get all portfolios	1552208568430	1552208569108	OK	 
USER	Get portfolios	475	END	1552208568430	1552208569108
REQUEST	484		Get all portfolios	1552208568460	1552208569108	OK	 
USER	Get portfolios	484	END	1552208568459	1552208569109
REQUEST	472		Get all portfolios	1552208568414	1552208569109	OK	 
USER	Get portfolios	472	END	1552208568409	1552208569110
REQUEST	476		Get all portfolios	1552208568430	1552208569111	OK	 
USER	Get portfolios	476	END	1552208568430	1552208569111
REQUEST	483		Get all portfolios	1552208568459	1552208569114	OK	 
REQUEST	482		Get all portfolios	1552208568444	1552208569114	OK	 
REQUEST	470		Get all portfolios	1552208568408	1552208569114	OK	 
USER	Get portfolios	470	END	1552208568408	1552208569114
USER	Get portfolios	483	END	1552208568454	1552208569114
USER	Get portfolios	482	END	1552208568444	1552208569114
REQUEST	465		Get all portfolios	1552208568396	1552208569114	OK	 
REQUEST	474		Get all portfolios	1552208568430	1552208569115	OK	 
USER	Get portfolios	474	END	1552208568429	1552208569115
REQUEST	485		Get all portfolios	1552208568460	1552208569115	OK	 
USER	Get portfolios	465	END	1552208568395	1552208569115
REQUEST	471		Get all portfolios	1552208568409	1552208569116	OK	 
USER	Get portfolios	471	END	1552208568409	1552208569116
USER	Get portfolios	485	END	1552208568460	1552208569116
REQUEST	479		Get all portfolios	1552208568443	1552208569116	OK	 
USER	Get portfolios	479	END	1552208568443	1552208569116
REQUEST	480		Get all portfolios	1552208568444	1552208569118	OK	 
USER	Get portfolios	480	END	1552208568443	1552208569118
REQUEST	486		Get all portfolios	1552208568461	1552208569119	OK	 
USER	Get portfolios	486	END	1552208568461	1552208569119
REQUEST	481		Get all portfolios	1552208568444	1552208569119	OK	 
USER	Get portfolios	481	END	1552208568444	1552208569120
REQUEST	478		Get all portfolios	1552208568442	1552208569120	OK	 
USER	Get portfolios	478	END	1552208568442	1552208569121
REQUEST	477		Get all portfolios	1552208568431	1552208569121	OK	 
USER	Get portfolios	477	END	1552208568430	1552208569121
REQUEST	487		Get all portfolios	1552208568462	1552208569122	OK	 
USER	Get portfolios	487	END	1552208568462	1552208569123
REQUEST	488		Get all portfolios	1552208568463	1552208569123	OK	 
USER	Get portfolios	488	END	1552208568462	1552208569123
REQUEST	489		Get all portfolios	1552208568463	1552208569123	OK	 
USER	Get portfolios	489	END	1552208568463	1552208569123
REQUEST	490		Get all portfolios	1552208568465	1552208569125	OK	 
USER	Get portfolios	490	END	1552208568465	1552208569125
REQUEST	497		Get all portfolios	1552208568485	1552208569126	OK	 
USER	Get portfolios	497	END	1552208568485	1552208569126
REQUEST	500		Get all portfolios	1552208568488	1552208569128	OK	 
REQUEST	494		Get all portfolios	1552208568481	1552208569128	OK	 
USER	Get portfolios	494	END	1552208568481	1552208569128
USER	Get portfolios	500	END	1552208568487	1552208569128
REQUEST	495		Get all portfolios	1552208568482	1552208569129	OK	 
USER	Get portfolios	495	END	1552208568482	1552208569129
REQUEST	499		Get all portfolios	1552208568487	1552208569130	OK	 
REQUEST	496		Get all portfolios	1552208568485	1552208569130	OK	 
USER	Get portfolios	499	END	1552208568487	1552208569130
USER	Get portfolios	496	END	1552208568483	1552208569130
REQUEST	493		Get all portfolios	1552208568471	1552208569131	OK	 
USER	Get portfolios	493	END	1552208568471	1552208569131
REQUEST	491		Get all portfolios	1552208568471	1552208569131	OK	 
REQUEST	492		Get all portfolios	1552208568471	1552208569131	OK	 
USER	Get portfolios	491	END	1552208568470	1552208569132
USER	Get portfolios	492	END	1552208568471	1552208569132
REQUEST	498		Get all portfolios	1552208568486	1552208569132	OK	 
USER	Get portfolios	498	END	1552208568486	1552208569133
